"C:/Users/Abbie/Documents/GitHub/SPARAJJ_World/SPARAJJ_World/Content/Assets/Meshes/SpawnMeshes/Nightstand_Dresser/Low_Drawer_BaseColor.uasset" 0
"C:/Users/Abbie/Documents/GitHub/SPARAJJ_World/SPARAJJ_World/Content/Assets/Meshes/SpawnMeshes/Nightstand_Dresser/Low_Drawer_Normal.uasset" 1
"C:/Users/Abbie/Documents/GitHub/SPARAJJ_World/SPARAJJ_World/Content/Assets/Meshes/SpawnMeshes/Nightstand_Dresser/Low_Drawer_OcclusionRoughnessMetallic.uasset" 2
"C:/Users/Abbie/Documents/GitHub/SPARAJJ_World/SPARAJJ_World/Content/Assets/Meshes/SpawnMeshes/Nightstand_Dresser/M_NightstandDrawer.uasset" 3
"C:/Users/Abbie/Documents/GitHub/SPARAJJ_World/SPARAJJ_World/Content/Assets/Meshes/SpawnMeshes/Nightstand_Dresser/dresser_drawer.uasset" 4
"C:/Users/Abbie/Documents/GitHub/SPARAJJ_World/SPARAJJ_World/Content/Assets/Meshes/Blueprints/MeshBlueprints/BP_Drawer.uasset" 5
"../../../Engine/Content/Functions/Engine_MaterialFunctions01/Opacity/CameraDepthFade.uasset" 6
"../../../Engine/Content/EngineMaterials/T_Default_Material_Grid_M.uasset" 7
"../../../Engine/Content/EngineMaterials/T_Default_Material_Grid_N.uasset" 8
"../../../Engine/Content/EngineMaterials/WorldGridMaterial.uasset" 9
"C:/Users/Abbie/Documents/GitHub/SPARAJJ_World/SPARAJJ_World/Content/Assets/Meshes/SpawnMeshes/Nightstand_Dresser/dresser.uasset" 10
"C:/Users/Abbie/Documents/GitHub/SPARAJJ_World/SPARAJJ_World/Content/Assets/Meshes/Blueprints/MeshBlueprints/BP_Dresser.uasset" 11
"C:/Users/Abbie/Documents/GitHub/SPARAJJ_World/SPARAJJ_World/Content/Assets/Meshes/SpawnMeshes/Nightstand_Dresser/Low_Night_Stand_BaseColor.uasset" 12
"C:/Users/Abbie/Documents/GitHub/SPARAJJ_World/SPARAJJ_World/Content/Assets/Meshes/SpawnMeshes/Nightstand_Dresser/Low_Night_Stand_Normal.uasset" 13
"C:/Users/Abbie/Documents/GitHub/SPARAJJ_World/SPARAJJ_World/Content/Assets/Meshes/SpawnMeshes/Nightstand_Dresser/Low_Night_Stand_OcclusionRoughnessMetallic.uasset" 14
"C:/Users/Abbie/Documents/GitHub/SPARAJJ_World/SPARAJJ_World/Content/Assets/Meshes/SpawnMeshes/Nightstand_Dresser/M_NightstandBase.uasset" 15
"C:/Users/Abbie/Documents/GitHub/SPARAJJ_World/SPARAJJ_World/Content/Assets/Meshes/SpawnMeshes/Nightstand_Dresser/nightstand.uasset" 16
"C:/Users/Abbie/Documents/GitHub/SPARAJJ_World/SPARAJJ_World/Content/Assets/Meshes/Blueprints/MeshBlueprints/BP_Nightstand.uasset" 17
"C:/Users/Abbie/Documents/GitHub/SPARAJJ_World/SPARAJJ_World/Content/Sequences/HoverSequences.uasset" 18
"../../../Engine/Content/Animation/DefaultAnimCurveCompressionSettings.uasset" 19
"../../../Engine/Content/ArtTools/RenderToTexture/Meshes/S_1_Unit_Plane.uasset" 20
"../../../Engine/Content/EngineMaterials/DefaultMaterial.uasset" 21
"../../../Engine/Content/BasicShapes/Cone.uasset" 22
"../../../Engine/Content/BasicShapes/Cube.uasset" 23
"../../../Engine/Content/BasicShapes/Plane.uasset" 24
"../../../Engine/Content/EditorLandscapeResources/DataLayer.uasset" 25
"../../../Engine/Content/EditorMaterials/GizmoMaterial.uasset" 26
"../../../Engine/Content/EditorMaterials/MAT_Groups_Toggle.uasset" 27
"../../../Engine/Content/EditorMaterials/MAT_Groups_Visibility.uasset" 28
"../../../Engine/Content/EditorMaterials/PreviewShadowIndicator.uasset" 29
"../../../Engine/Content/EditorMaterials/PreviewShadowIndicatorMaterial.uasset" 30
"../../../Engine/Content/EditorMaterials/MatineeGroups/MAT_ColorTrack.uasset" 31
"../../../Engine/Content/EditorMaterials/MatineeGroups/MAT_Groups_Anim.uasset" 32
"../../../Engine/Content/EditorMaterials/MatineeGroups/MAT_Groups_AudioMaster.uasset" 33
"../../../Engine/Content/EditorMaterials/MatineeGroups/MAT_Groups_Director.uasset" 34
"../../../Engine/Content/EditorMaterials/MatineeGroups/MAT_Groups_Event.uasset" 35
"../../../Engine/Content/EditorMaterials/MatineeGroups/MAT_Groups_Fade.uasset" 36
"../../../Engine/Content/EditorMaterials/MatineeGroups/MAT_Groups_Float.uasset" 37
"../../../Engine/Content/EditorMaterials/MatineeGroups/MAT_Groups_Move.uasset" 38
"../../../Engine/Content/EditorMaterials/MatineeGroups/MAT_Groups_Slomo.uasset" 39
"../../../Engine/Content/EditorMaterials/MatineeGroups/MAT_Groups_Sound.uasset" 40
"../../../Engine/Content/EditorMaterials/MatineeGroups/MAT_Groups_Vector.uasset" 41
"../../../Engine/Content/EditorMaterials/ParticleSystems/PSysThumbnail_NoImage.uasset" 42
"../../../Engine/Content/EditorMaterials/ParticleSystems/PSysThumbnail_OOD.uasset" 43
"../../../Engine/Content/EditorMaterials/Camera/CineMat.uasset" 44
"../../../Engine/Content/EditorMaterials/Camera/MI_CineMat_Rig.uasset" 45
"../../../Engine/Content/EditorMeshes/Camera/SM_CraneRig_Arm.uasset" 46
"../../../Engine/Content/EditorMeshes/Camera/SM_CraneRig_Base.uasset" 47
"../../../Engine/Content/EditorMeshes/Camera/SM_CraneRig_Body.uasset" 48
"../../../Engine/Content/EditorMeshes/Camera/SM_CraneRig_Mount.uasset" 49
"../../../Engine/Content/EditorMeshes/Camera/SM_RailRig_Mount.uasset" 50
"../../../Engine/Content/EditorMeshes/Camera/SM_RailRig_Track.uasset" 51
"../../../Engine/Content/EditorResources/BSPVertex.uasset" 52
"../../../Engine/Content/EditorResources/EmptyActor.uasset" 53
"../../../Engine/Content/EditorResources/S_Actor.uasset" 54
"../../../Engine/Content/EditorResources/S_Note.uasset" 55
"../../../Engine/Content/EditorResources/S_Trigger.uasset" 56
"../../../Engine/Content/EditorResources/LightIcons/S_LightError.uasset" 57
"../../../Engine/Content/EditorResources/SequenceRecorder/Countdown.uasset" 58
"../../../Engine/Content/EditorResources/SequenceRecorder/RecordingIndicator.uasset" 59
"../../../Engine/Content/EditorSounds/Notifications/CompileFailed.uasset" 60
"../../../Engine/Content/EditorSounds/Notifications/CompileFailed_Cue.uasset" 61
"../../../Engine/Content/EditorSounds/Notifications/CompileSuccess.uasset" 62
"../../../Engine/Content/EditorSounds/Notifications/CompileStart_Cue.uasset" 63
"../../../Engine/Content/EditorSounds/Notifications/CompileSuccess_Cue.uasset" 64
"../../../Engine/Content/EngineDamageTypes/DmgTypeBP_Environmental.uasset" 65
"../../../Engine/Content/EngineDebugMaterials/HeatmapGradient.uasset" 66
"../../../Engine/Content/EngineDebugMaterials/BoneWeightMaterial.uasset" 67
"../../../Engine/Content/EngineDebugMaterials/ClothMaterial.uasset" 68
"../../../Engine/Content/EngineDebugMaterials/ClothMaterial_WF.uasset" 69
"../../../Engine/Content/EngineDebugMaterials/DebugEditorMaterial.uasset" 70
"../../../Engine/Content/EngineDebugMaterials/DebugMeshMaterial.uasset" 71
"../../../Engine/Content/EngineDebugMaterials/GeomMaterial.uasset" 72
"../../../Engine/Content/EngineDebugMaterials/M_SimpleTranslucent.uasset" 73
"../../../Engine/Content/EngineFonts/Faces/RobotoBold.uasset" 74
"../../../Engine/Content/EngineFonts/Faces/RobotoBoldItalic.uasset" 75
"../../../Engine/Content/EngineFonts/Faces/RobotoItalic.uasset" 76
"../../../Engine/Content/EngineFonts/Faces/RobotoLight.uasset" 77
"../../../Engine/Content/EngineFonts/Faces/RobotoRegular.uasset" 78
"../../../Engine/Content/EngineFonts/Roboto.uasset" 79
"../../../Engine/Content/EngineFonts/Faces/RobotoTiny.uasset" 80
"../../../Engine/Content/EngineFonts/RobotoTiny.uasset" 81
"../../../Engine/Content/EngineMaterials/BaseFlattenDiffuseMap.uasset" 82
"../../../Engine/Content/EngineMaterials/BaseFlattenEmissiveMap.uasset" 83
"../../../Engine/Content/EngineMaterials/BaseFlattenGrayscaleMap.uasset" 84
"../../../Engine/Content/EngineMaterials/BaseFlattenNormalMap.uasset" 85
"../../../Engine/Content/EngineMaterials/BaseFlattenMaterial.uasset" 86
"../../../Engine/Content/EngineMaterials/DefaultBloomKernel.uasset" 87
"../../../Engine/Content/EngineMaterials/DefaultBokeh.uasset" 88
"../../../Engine/Content/EngineMaterials/DefaultDiffuse.uasset" 89
"../../../Engine/Content/EngineMaterials/DefaultDeferredDecalMaterial.uasset" 90
"../../../Engine/Content/EngineMaterials/DefaultLightFunctionMaterial.uasset" 91
"../../../Engine/Content/EngineMaterials/DefaultPhysicalMaterial.uasset" 92
"../../../Engine/Content/Functions/Engine_MaterialFunctions02/Utility/BreakOutFloat2Components.uasset" 93
"../../../Engine/Content/EngineMaterials/DefaultPostProcessMaterial.uasset" 94
"../../../Engine/Content/EngineFonts/RobotoDistanceField.uasset" 95
"../../../Engine/Content/EngineMaterials/DefaultTextMaterialOpaque.uasset" 96
"../../../Engine/Content/EngineMaterials/DefaultWhiteGrid.uasset" 97
"../../../Engine/Content/EngineMaterials/EditorBrushMaterial.uasset" 98
"../../../Engine/Content/EngineMaterials/Good64x64TilingNoiseHighFreq.uasset" 99
"../../../Engine/Content/EngineMaterials/MiniFont.uasset" 100
"../../../Engine/Content/EngineMaterials/InvalidLightmapSettings.uasset" 101
"../../../Engine/Content/EngineMaterials/M_InvalidLightmapSettings.uasset" 102
"../../../Engine/Content/Functions/Engine_MaterialFunctions02/WorldPositionOffset/CameraOffset.uasset" 103
"../../../Engine/Content/EngineMaterials/PhAT_JointLimitMaterial.uasset" 104
"../../../Engine/Content/EngineMaterials/PreintegratedSkinBRDF.uasset" 105
"../../../Engine/Content/EngineMaterials/RemoveSurfaceMaterial.uasset" 106
"../../../Engine/Content/EngineMaterials/WeightMapPlaceholderTexture.uasset" 107
"../../../Engine/Content/EngineResources/WhiteSquareTexture.uasset" 108
"../../../Engine/Content/EngineMaterials/Widget3DPassThrough.uasset" 109
"../../../Engine/Content/EngineMaterials/Widget3DPassThrough_Masked.uasset" 110
"../../../Engine/Content/EngineMaterials/Widget3DPassThrough_Opaque.uasset" 111
"../../../Engine/Content/EngineMaterials/Widget3DPassThrough_Masked_OneSided.uasset" 112
"../../../Engine/Content/EngineMaterials/Widget3DPassThrough_Opaque_OneSided.uasset" 113
"../../../Engine/Content/EngineMaterials/Widget3DPassThrough_Translucent.uasset" 114
"../../../Engine/Content/EngineMaterials/Widget3DPassThrough_Translucent_OneSided.uasset" 115
"../../../Engine/Content/EngineMeshes/Cylinder.uasset" 116
"../../../Engine/Content/EngineMeshes/Sphere.uasset" 117
"../../../Engine/Content/EngineResources/Black.uasset" 118
"../../../Engine/Content/EngineResources/DefaultTexture.uasset" 119
"../../../Engine/Content/EngineResources/DefaultTextureCube.uasset" 120
"../../../Engine/Content/EngineResources/DefaultVolumeTexture2D.uasset" 121
"../../../Engine/Content/EngineResources/DefaultVolumeTexture.uasset" 122
"../../../Engine/Content/EngineResources/GradientTexture0.uasset" 123
"../../../Engine/Content/EngineSounds/Master.uasset" 124
"../../../Engine/Content/Functions/Engine_MaterialFunctions01/Shading/ConvertFromDiffSpec.uasset" 125
"../../../Engine/Content/Functions/Engine_MaterialFunctions01/Shading/PowerToRoughness.uasset" 126
"../../../Engine/Content/Maps/Templates/Thumbnails/Default.uasset" 127
"../../../Engine/Content/Maps/Templates/Thumbnails/VR-Basic.uasset" 128
"../../../Engine/Content/MobileResources/T_MobileControls_texture.uasset" 129
"../../../Engine/Content/MobileResources/T_MobileMenu2.uasset" 130
"../../../Engine/Content/MobileResources/HUD/AnalogHat.uasset" 131
"../../../Engine/Content/MobileResources/HUD/VirtualJoystick_Background.uasset" 132
"../../../Engine/Content/MobileResources/HUD/VirtualJoystick_Thumb.uasset" 133
"../../../Engine/Content/MobileResources/HUD/DefaultVirtualJoysticks.uasset" 134
"../../../Engine/Content/MobileResources/HUD/LeftVirtualJoystickOnly.uasset" 135
"../../../Engine/Content/MobileResources/HUD/MobileHUDButton1_off.uasset" 136
"../../../Engine/Content/MobileResources/HUD/MobileHUDButton1_on.uasset" 137
"../../../Engine/Content/MobileResources/HUD/MobileHUDButton2_off.uasset" 138
"../../../Engine/Content/MobileResources/HUD/MobileHUDButton2_on.uasset" 139
"../../../Engine/Content/MobileResources/HUD/MobileHUDButton3.uasset" 140
"../../../Engine/Content/MobileResources/HUD/MobileHUDButtonFire.uasset" 141
"../../../Engine/Content/MobileResources/HUD/MobileHUDDirectionPad.uasset" 142
"../../../Engine/Content/MobileResources/HUD/MobileHUDDirectionPad2.uasset" 143
"../../../Engine/Content/MobileResources/HUD/MobileHUDDirectionPad3.uasset" 144
"../../../Engine/Content/MobileResources/HUD/MobileHUDDirectionStick.uasset" 145
"../../../Engine/Content/MobileResources/HUD/T_Castle_ThumbstickInner.uasset" 146
"../../../Engine/Content/MobileResources/HUD/T_Castle_ThumbstickOutter.uasset" 147
"../../../Engine/Content/Tutorial/ContentIntroCurve.uasset" 148
"../../../Engine/Content/Tutorial/Basics/LevelEditorAttract.uasset" 149
"../../../Engine/Content/Tutorial/Basics/TutorialAssets/icon_tab_Levels_40x.uasset" 150
"../../../Engine/Content/Tutorial/Basics/LevelEditorOverview.uasset" 151
"../../../Engine/Content/Tutorial/Foliage/TutorialAssets/Foliage.uasset" 152
"../../../Engine/Content/Tutorial/Foliage/Foliage_Intro_Tutorial.uasset" 153
"../../../Engine/Content/Tutorial/Foliage/Foliage_Settings_Tutorial.uasset" 154
"../../../Engine/Content/Tutorial/Foliage/Foliage_Using_The_Tool_Tutorial.uasset" 155
"../../../Engine/Content/Tutorial/Installation/InstallingVisualStudioTutorial.uasset" 156
"../../../Engine/Content/Tutorial/Landscape/TutorialAssets/Landscape.uasset" 157
"../../../Engine/Content/Tutorial/Landscape/LandscapeWalkThrough.uasset" 158
"../../../Engine/Content/Tutorial/Landscape/Landscape_Manage_Mode.uasset" 159
"../../../Engine/Content/EditorBlueprintResources/StandardMacros.uasset" 160
"../../../Engine/Content/Tutorial/Landscape/Landscape_Painting_Mode.uasset" 161
"../../../Engine/Content/Tutorial/Landscape/Landscape_Sculpt_Mode.uasset" 162
"../../../Engine/Content/VREditor/LaserPointer/VR_LaserPower_01.uasset" 163
"../../../Engine/Content/VREditor/TransformGizmo/TransformGizmoMaterial.uasset" 164
"../../../Engine/Content/VREditor/TransformGizmo/TranslucentTransformGizmoMaterial.uasset" 165
"../../../Engine/Content/VREditor/TransformGizmo/BoundingBoxCorner.uasset" 166
"../../../Engine/Content/VREditor/TransformGizmo/BoundingBoxEdge.uasset" 167
"../../../Engine/Content/VREditor/TransformGizmo/PlaneTranslationHandle.uasset" 168
"../../../Engine/Content/VREditor/TransformGizmo/Main.uasset" 169
"../../../Engine/Content/VREditor/TransformGizmo/Xray.uasset" 170
"../../../Engine/Content/VREditor/TransformGizmo/SM_Sequencer_Key.uasset" 171
"../../../Engine/Content/VREditor/TransformGizmo/SM_Sequencer_Node.uasset" 172
"../../Plugins/2D/Paper2D/Content/PlaceholderTextures/DummySpriteTexture.uasset" 173
"../../Plugins/2D/Paper2D/Content/DummySprite.uasset" 174
"../../Plugins/2D/Paper2D/Content/DefaultPaperTerrainMaterial.uasset" 175
"../../Plugins/2D/Paper2D/Content/DummySpriteTexture.uasset" 176
"../../Plugins/2D/Paper2D/Content/DefaultSpriteMaterial.uasset" 177
"../../Plugins/2D/Paper2D/Content/MaskedUnlitSpriteMaterial.uasset" 178
"../../Plugins/2D/Paper2D/Content/OpaqueUnlitSpriteMaterial.uasset" 179
"../../Plugins/Runtime/Oculus/OculusVR/Content/OculusMR_RenderTarget.uasset" 180
"../../../Engine/Content/Functions/Engine_MaterialFunctions02/Utility/BreakOutFloat4Components.uasset" 181
"../../../Engine/Content/Functions/Engine_MaterialFunctions02/Utility/MakeFloat2.uasset" 182
"../../../Engine/Content/Functions/Engine_MaterialFunctions02/Utility/MakeFloat3.uasset" 183
"../../Plugins/Runtime/Oculus/OculusVR/Content/Materials/OculusMR_ChromaKey.uasset" 184
"../../Plugins/Runtime/Oculus/OculusVR/Content/Materials/OculusMR_ChromaKey_Lit.uasset" 185
"../../Plugins/Runtime/Oculus/OculusVR/Content/Materials/OculusMR_OpaqueColoredMaterial.uasset" 186
"../../Plugins/Runtime/Oculus/OculusVR/Content/Materials/OculusMR_WhiteMaterial.uasset" 187
"../../Plugins/Runtime/Oculus/OculusVR/Content/Materials/PokeAHoleMaterial.uasset" 188
"../../Plugins/Runtime/Oculus/OculusVR/Content/Textures/GearVRController_AO.uasset" 189
"../../Plugins/Runtime/Oculus/OculusVR/Content/Textures/GearVRController_Color.uasset" 190
"../../Plugins/Runtime/Oculus/OculusVR/Content/Textures/GearVRController_Normal.uasset" 191
"../../Plugins/Runtime/Oculus/OculusVR/Content/Materials/GearVRControllerMaterial.uasset" 192
"../../Plugins/Runtime/Oculus/OculusVR/Content/Meshes/GearVrController.uasset" 193
"../../Plugins/Runtime/Oculus/OculusVR/Content/Textures/touchController_albedo.uasset" 194
"../../Plugins/Runtime/Oculus/OculusVR/Content/Textures/touchController_controlmap.uasset" 195
"../../Plugins/Runtime/Oculus/OculusVR/Content/Materials/touchController_mat.uasset" 196
"../../Plugins/Runtime/Oculus/OculusVR/Content/Meshes/LeftTouchController.uasset" 197
"../../Plugins/Runtime/Oculus/OculusVR/Content/Meshes/RiftHMD.uasset" 198
"../../Plugins/Runtime/Oculus/OculusVR/Content/Meshes/RightTouchController.uasset" 199
"C:/Users/Abbie/Documents/GitHub/SPARAJJ_World/SPARAJJ_World/Content/HUD/InteractionInterface.uasset" 200
"C:/Users/Abbie/Documents/GitHub/SPARAJJ_World/SPARAJJ_World/Content/Assets/Meshes/Materials/glass_veins.uasset" 201
"C:/Users/Abbie/Documents/GitHub/SPARAJJ_World/SPARAJJ_World/Content/Assets/Meshes/Materials/M_MasterGlass.uasset" 202
"C:/Users/Abbie/Documents/GitHub/SPARAJJ_World/SPARAJJ_World/Content/Assets/Meshes/Materials/M_Glass_Inst.uasset" 203
"C:/Users/Abbie/Documents/GitHub/SPARAJJ_World/SPARAJJ_World/Content/Assets/Meshes/General_Environment/GlassShard01.uasset" 204
"C:/Users/Abbie/Documents/GitHub/SPARAJJ_World/SPARAJJ_World/Content/Assets/Meshes/General_Environment/GlassShard02.uasset" 205
"C:/Users/Abbie/Documents/GitHub/SPARAJJ_World/SPARAJJ_World/Content/Assets/Meshes/General_Environment/GlassShard03.uasset" 206
"C:/Users/Abbie/Documents/GitHub/SPARAJJ_World/SPARAJJ_World/Content/Assets/Meshes/General_Environment/GlassShard04.uasset" 207
"C:/Users/Abbie/Documents/GitHub/SPARAJJ_World/SPARAJJ_World/Content/Assets/Meshes/General_Environment/GlassShard05.uasset" 208
"C:/Users/Abbie/Documents/GitHub/SPARAJJ_World/SPARAJJ_World/Content/Assets/Meshes/General_Environment/GlassShard06.uasset" 209
"C:/Users/Abbie/Documents/GitHub/SPARAJJ_World/SPARAJJ_World/Content/Assets/Meshes/General_Environment/GlassShard07.uasset" 210
"C:/Users/Abbie/Documents/GitHub/SPARAJJ_World/SPARAJJ_World/Content/LevelBlueprints/BP_GroundGlass.uasset" 211
"C:/Users/Abbie/Documents/GitHub/SPARAJJ_World/SPARAJJ_World/Content/Geometry/Meshes/CubeMaterial.uasset" 212
"C:/Users/Abbie/Documents/GitHub/SPARAJJ_World/SPARAJJ_World/Content/Geometry/Meshes/1M_Cube.uasset" 213
"C:/Users/Abbie/Documents/GitHub/SPARAJJ_World/SPARAJJ_World/Content/LevelBlueprints/BP_OuchPad.uasset" 214
"C:/Users/Abbie/Documents/GitHub/SPARAJJ_World/SPARAJJ_World/Content/ThirdPersonBP/MC_Character/MC_10x_rigged_Skeleton.uasset" 215
"C:/Users/Abbie/Documents/GitHub/SPARAJJ_World/SPARAJJ_World/Content/ThirdPersonBP/MC_Character/Animations/JumpEnd.uasset" 216
"C:/Users/Abbie/Documents/GitHub/SPARAJJ_World/SPARAJJ_World/Content/ThirdPersonBP/MC_Character/Animations/JumpMid.uasset" 217
"C:/Users/Abbie/Documents/GitHub/SPARAJJ_World/SPARAJJ_World/Content/ThirdPersonBP/MC_Character/Animations/JumpStart.uasset" 218
"C:/Users/Abbie/Documents/GitHub/SPARAJJ_World/SPARAJJ_World/Content/ThirdPersonBP/MC_Character/Animations/Dwarf_Walk__1_.uasset" 219
"C:/Users/Abbie/Documents/GitHub/SPARAJJ_World/SPARAJJ_World/Content/ThirdPersonBP/MC_Character/Animations/idle.uasset" 220
"C:/Users/Abbie/Documents/GitHub/SPARAJJ_World/SPARAJJ_World/Content/ThirdPersonBP/MC_Character/Animations/Run_Forward.uasset" 221
"C:/Users/Abbie/Documents/GitHub/SPARAJJ_World/SPARAJJ_World/Content/ThirdPersonBP/MC_Character/Animations/IdleWalkRun.uasset" 222
"C:/Users/Abbie/Documents/GitHub/SPARAJJ_World/SPARAJJ_World/Content/ThirdPersonBP/MC_Character/Animations/MC_Anim_BP.uasset" 223
"C:/Users/Abbie/Documents/GitHub/SPARAJJ_World/SPARAJJ_World/Content/ThirdPersonBP/Blueprints/ThirdPersonGameMode.uasset" 224
"C:/Users/Abbie/Documents/GitHub/SPARAJJ_World/SPARAJJ_World/Content/Assets/Textures/Shrine/Kkarl_Low_lambert1_BaseColor.uasset" 225
"C:/Users/Abbie/Documents/GitHub/SPARAJJ_World/SPARAJJ_World/Content/Assets/Textures/Shrine/Kkarl_Low_lambert1_Normal.uasset" 226
"C:/Users/Abbie/Documents/GitHub/SPARAJJ_World/SPARAJJ_World/Content/Assets/Textures/Shrine/Kkarl_Low_lambert1_OcclusionRoughnessMetallic.uasset" 227
"C:/Users/Abbie/Documents/GitHub/SPARAJJ_World/SPARAJJ_World/Content/Assets/Textures/Shrine/KKarl.uasset" 228
"C:/Users/Abbie/Documents/GitHub/SPARAJJ_World/SPARAJJ_World/Content/Assets/Meshes/General_Environment/Kkarl_Low.uasset" 229
"C:/Users/Abbie/Documents/GitHub/SPARAJJ_World/SPARAJJ_World/Content/Assets/Textures/Shrine/Shrine_Shingles_BaseColor.uasset" 230
"C:/Users/Abbie/Documents/GitHub/SPARAJJ_World/SPARAJJ_World/Content/Assets/Textures/Shrine/Shrine_Shingles_Normal.uasset" 231
"C:/Users/Abbie/Documents/GitHub/SPARAJJ_World/SPARAJJ_World/Content/Assets/Textures/Shrine/Shrine_Shingles_OcclusionRoughnessMetallic.uasset" 232
"C:/Users/Abbie/Documents/GitHub/SPARAJJ_World/SPARAJJ_World/Content/Assets/Textures/Shrine/Shrine_Shingles.uasset" 233
"C:/Users/Abbie/Documents/GitHub/SPARAJJ_World/SPARAJJ_World/Content/Assets/Meshes/General_Environment/Shrine_Object045.uasset" 234
"C:/Users/Abbie/Documents/GitHub/SPARAJJ_World/SPARAJJ_World/Content/Assets/Textures/Shrine/Shrine_dirt_BaseColor.uasset" 235
"C:/Users/Abbie/Documents/GitHub/SPARAJJ_World/SPARAJJ_World/Content/Assets/Textures/Shrine/Shrine_dirt_Normal.uasset" 236
"C:/Users/Abbie/Documents/GitHub/SPARAJJ_World/SPARAJJ_World/Content/Assets/Textures/Shrine/Shrine_dirt_OcclusionRoughnessMetallic.uasset" 237
"C:/Users/Abbie/Documents/GitHub/SPARAJJ_World/SPARAJJ_World/Content/Assets/Textures/Shrine/Shrine_Dirt.uasset" 238
"C:/Users/Abbie/Documents/GitHub/SPARAJJ_World/SPARAJJ_World/Content/Assets/Textures/Shrine/Shrine_Gold_BaseColor.uasset" 239
"C:/Users/Abbie/Documents/GitHub/SPARAJJ_World/SPARAJJ_World/Content/Assets/Textures/Shrine/Shrine_Gold_Normal.uasset" 240
"C:/Users/Abbie/Documents/GitHub/SPARAJJ_World/SPARAJJ_World/Content/Assets/Textures/Shrine/Shrine_Gold_OcclusionRoughnessMetallic.uasset" 241
"C:/Users/Abbie/Documents/GitHub/SPARAJJ_World/SPARAJJ_World/Content/Assets/Textures/Shrine/Shrine_Gold.uasset" 242
"C:/Users/Abbie/Documents/GitHub/SPARAJJ_World/SPARAJJ_World/Content/Assets/Textures/Shrine/Shrine_Grass_BaseColor.uasset" 243
"C:/Users/Abbie/Documents/GitHub/SPARAJJ_World/SPARAJJ_World/Content/Assets/Textures/Shrine/Shrine_Grass_Normal.uasset" 244
"C:/Users/Abbie/Documents/GitHub/SPARAJJ_World/SPARAJJ_World/Content/Assets/Textures/Shrine/Shrine_Grass_OcclusionRoughnessMetallic.uasset" 245
"C:/Users/Abbie/Documents/GitHub/SPARAJJ_World/SPARAJJ_World/Content/Assets/Textures/Shrine/Shrine_Grass.uasset" 246
"C:/Users/Abbie/Documents/GitHub/SPARAJJ_World/SPARAJJ_World/Content/Assets/Textures/Shrine/Shrine_Stone_BaseColor.uasset" 247
"C:/Users/Abbie/Documents/GitHub/SPARAJJ_World/SPARAJJ_World/Content/Assets/Textures/Shrine/Shrine_Stone_Normal.uasset" 248
"C:/Users/Abbie/Documents/GitHub/SPARAJJ_World/SPARAJJ_World/Content/Assets/Textures/Shrine/Shrine_Stone_OcclusionRoughnessMetallic.uasset" 249
"C:/Users/Abbie/Documents/GitHub/SPARAJJ_World/SPARAJJ_World/Content/Assets/Textures/Shrine/Shrine_Stone.uasset" 250
"C:/Users/Abbie/Documents/GitHub/SPARAJJ_World/SPARAJJ_World/Content/Assets/Textures/Shrine/Shrine_wood_BaseColor.uasset" 251
"C:/Users/Abbie/Documents/GitHub/SPARAJJ_World/SPARAJJ_World/Content/Assets/Textures/Shrine/Shrine_wood_Normal.uasset" 252
"C:/Users/Abbie/Documents/GitHub/SPARAJJ_World/SPARAJJ_World/Content/Assets/Textures/Shrine/Shrine_wood_OcclusionRoughnessMetallic.uasset" 253
"C:/Users/Abbie/Documents/GitHub/SPARAJJ_World/SPARAJJ_World/Content/Assets/Textures/Shrine/Shrine_Wood.uasset" 254
"C:/Users/Abbie/Documents/GitHub/SPARAJJ_World/SPARAJJ_World/Content/Assets/Meshes/General_Environment/Shrine_Shrine.uasset" 255
"C:/Users/Abbie/Documents/GitHub/SPARAJJ_World/SPARAJJ_World/Content/StarterContent/Textures/T_Fire_SubUV.uasset" 256
"C:/Users/Abbie/Documents/GitHub/SPARAJJ_World/SPARAJJ_World/Content/StarterContent/Textures/T_Fire_Tiled_D.uasset" 257
"C:/Users/Abbie/Documents/GitHub/SPARAJJ_World/SPARAJJ_World/Content/StarterContent/Particles/Materials/M_Fire_SubUV.uasset" 258
"C:/Users/Abbie/Documents/GitHub/SPARAJJ_World/SPARAJJ_World/Content/StarterContent/Textures/T_Water_N.uasset" 259
"C:/Users/Abbie/Documents/GitHub/SPARAJJ_World/SPARAJJ_World/Content/StarterContent/Particles/Materials/M_Heat_Distortion.uasset" 260
"../../../Engine/Content/Functions/Engine_MaterialFunctions01/Gradient/RadialGradient.uasset" 261
"C:/Users/Abbie/Documents/GitHub/SPARAJJ_World/SPARAJJ_World/Content/StarterContent/Particles/Materials/M_Radial_Gradient.uasset" 262
"C:/Users/Abbie/Documents/GitHub/SPARAJJ_World/SPARAJJ_World/Content/StarterContent/Textures/T_Smoke_SubUV.uasset" 263
"C:/Users/Abbie/Documents/GitHub/SPARAJJ_World/SPARAJJ_World/Content/StarterContent/Textures/T_Smoke_Tiled_D.uasset" 264
"C:/Users/Abbie/Documents/GitHub/SPARAJJ_World/SPARAJJ_World/Content/StarterContent/Particles/Materials/M_smoke_subUV.uasset" 265
"C:/Users/Abbie/Documents/GitHub/SPARAJJ_World/SPARAJJ_World/Content/StarterContent/Particles/P_Fire.uasset" 266
"C:/Users/Abbie/Documents/GitHub/SPARAJJ_World/SPARAJJ_World/Content/Assets/Meshes/General_Environment/Checkpoint.uasset" 267
"C:/Users/Abbie/Documents/GitHub/SPARAJJ_World/SPARAJJ_World/Content/HUD/Ince_HUD_UI_bars.uasset" 268
"C:/Users/Abbie/Documents/GitHub/SPARAJJ_World/SPARAJJ_World/Content/HUD/Ince_HUD_UI_MC_Icon.uasset" 269
"C:/Users/Abbie/Documents/GitHub/SPARAJJ_World/SPARAJJ_World/Content/HUD/HUD.uasset" 270
"C:/Users/Abbie/Documents/GitHub/SPARAJJ_World/SPARAJJ_World/Content/HUD/EffectThatGoesOverEverything.uasset" 271
"C:/Users/Abbie/Documents/GitHub/SPARAJJ_World/SPARAJJ_World/Content/HUD/ExitButton.uasset" 272
"C:/Users/Abbie/Documents/GitHub/SPARAJJ_World/SPARAJJ_World/Content/HUD/ExitButton_White.uasset" 273
"C:/Users/Abbie/Documents/GitHub/SPARAJJ_World/SPARAJJ_World/Content/HUD/ResumeButton.uasset" 274
"C:/Users/Abbie/Documents/GitHub/SPARAJJ_World/SPARAJJ_World/Content/HUD/ResumeButton_White.uasset" 275
"C:/Users/Abbie/Documents/GitHub/SPARAJJ_World/SPARAJJ_World/Content/HUD/PauseMenu.uasset" 276
"C:/Users/Abbie/Documents/GitHub/SPARAJJ_World/SPARAJJ_World/Content/ThirdPersonBP/MC_Character/default.uasset" 277
"C:/Users/Abbie/Documents/GitHub/SPARAJJ_World/SPARAJJ_World/Content/ThirdPersonBP/MC_Character/MC_10x_rigged_PhysicsAsset.uasset" 278
"C:/Users/Abbie/Documents/GitHub/SPARAJJ_World/SPARAJJ_World/Content/ThirdPersonBP/MC_Character/MC_10x_rigged.uasset" 279
"C:/Users/Abbie/Documents/GitHub/SPARAJJ_World/SPARAJJ_World/Content/ThirdPersonBP/Blueprints/ThirdPersonCharacter.uasset" 280
"../../../Engine/Content/Functions/Engine_MaterialFunctions02/Fresnel_Function.uasset" 281
"C:/Users/Abbie/Documents/GitHub/SPARAJJ_World/SPARAJJ_World/Content/Assets/Meshes/General_Environment/M_Crystal.uasset" 282
"C:/Users/Abbie/Documents/GitHub/SPARAJJ_World/SPARAJJ_World/Content/Assets/Meshes/General_Environment/Crystal_Key.uasset" 283
"C:/Users/Abbie/Documents/GitHub/SPARAJJ_World/SPARAJJ_World/Content/Assets/Meshes/Blueprints/MeshBlueprints/BP_Idol.uasset" 284
"C:/Users/Abbie/Documents/GitHub/SPARAJJ_World/SPARAJJ_World/Content/StarterContent/Textures/T_MacroVariation.uasset" 285
"C:/Users/Abbie/Documents/GitHub/SPARAJJ_World/SPARAJJ_World/Content/StarterContent/Textures/T_Metal_Aluminum_D.uasset" 286
"C:/Users/Abbie/Documents/GitHub/SPARAJJ_World/SPARAJJ_World/Content/StarterContent/Textures/T_Metal_Gold_N.uasset" 287
"C:/Users/Abbie/Documents/GitHub/SPARAJJ_World/SPARAJJ_World/Content/StarterContent/Materials/M_Metal_Burnished_Steel.uasset" 288
"C:/Users/Abbie/Documents/GitHub/SPARAJJ_World/SPARAJJ_World/Content/StarterContent/Particles/Materials/m_flare_01.uasset" 289
"C:/Users/Abbie/Documents/GitHub/SPARAJJ_World/SPARAJJ_World/Content/StarterContent/Materials/M_Glass.uasset" 290
"C:/Users/Abbie/Documents/GitHub/SPARAJJ_World/SPARAJJ_World/Content/StarterContent/Textures/T_Metal_Steel_D.uasset" 291
"C:/Users/Abbie/Documents/GitHub/SPARAJJ_World/SPARAJJ_World/Content/StarterContent/Textures/T_Metal_Steel_N.uasset" 292
"C:/Users/Abbie/Documents/GitHub/SPARAJJ_World/SPARAJJ_World/Content/StarterContent/Materials/M_Metal_Steel.uasset" 293
"C:/Users/Abbie/Documents/GitHub/SPARAJJ_World/SPARAJJ_World/Content/Assets/Meshes/General_Environment/LightPost.uasset" 294
"C:/Users/Abbie/Documents/GitHub/SPARAJJ_World/SPARAJJ_World/Content/Assets/Meshes/Blueprints/MeshBlueprints/BP_Lamp_post.uasset" 295
"C:/Users/Abbie/Documents/GitHub/SPARAJJ_World/SPARAJJ_World/Content/Assets/Meshes/Materials/WallTorch_DefaultMaterial_BaseColor.uasset" 296
"C:/Users/Abbie/Documents/GitHub/SPARAJJ_World/SPARAJJ_World/Content/Assets/Meshes/Materials/WallTorch_DefaultMaterial_Normal.uasset" 297
"C:/Users/Abbie/Documents/GitHub/SPARAJJ_World/SPARAJJ_World/Content/Assets/Meshes/Materials/WallTorch_DefaultMaterial_OcclusionRoughnessMetallic.uasset" 298
"C:/Users/Abbie/Documents/GitHub/SPARAJJ_World/SPARAJJ_World/Content/Assets/Meshes/Materials/M_WallTorch.uasset" 299
"C:/Users/Abbie/Documents/GitHub/SPARAJJ_World/SPARAJJ_World/Content/Assets/Meshes/General_Environment/WallTorch.uasset" 300
"C:/Users/Abbie/Documents/GitHub/SPARAJJ_World/SPARAJJ_World/Content/Assets/Meshes/Blueprints/MeshBlueprints/BP_WallTorch.uasset" 301
"../../../Engine/Content/EditorMaterials/Thumbnails/SkySphereMaterial.uasset" 302
"../../../Engine/Content/Functions/Engine_MaterialFunctions02/3PointLevels.uasset" 303
"C:/Users/Abbie/Documents/GitHub/SPARAJJ_World/SPARAJJ_World/Content/Assets/Meshes/Materials/SyboxParam.uasset" 304
"C:/Users/Abbie/Documents/GitHub/SPARAJJ_World/SPARAJJ_World/Content/Assets/Meshes/Materials/SPARAJJ_Cubemap.uasset" 305
"C:/Users/Abbie/Documents/GitHub/SPARAJJ_World/SPARAJJ_World/Content/Assets/Meshes/Materials/M_SpaceMat.uasset" 306
"C:/Users/Abbie/Documents/GitHub/SPARAJJ_World/SPARAJJ_World/Content/StarterContent/Blueprints/Assets/Skybox.uasset" 307
"C:/Users/Abbie/Documents/GitHub/SPARAJJ_World/SPARAJJ_World/Content/Assets/Meshes/Materials/SpaceSkybox.uasset" 308
"C:/Users/Abbie/Documents/GitHub/SPARAJJ_World/SPARAJJ_World/Content/Assets/Textures/Islands/Islands_Island_01_PR_BaseColor.uasset" 309
"C:/Users/Abbie/Documents/GitHub/SPARAJJ_World/SPARAJJ_World/Content/Assets/Textures/Islands/Islands_Island_01_PR_Normal.uasset" 310
"C:/Users/Abbie/Documents/GitHub/SPARAJJ_World/SPARAJJ_World/Content/Assets/Textures/Islands/Islands_Island_01_PR_OcclusionRoughnessMetallic.uasset" 311
"C:/Users/Abbie/Documents/GitHub/SPARAJJ_World/SPARAJJ_World/Content/Assets/Textures/Islands/M_Island_01_PR.uasset" 312
"C:/Users/Abbie/Documents/GitHub/SPARAJJ_World/SPARAJJ_World/Content/Assets/Textures/Islands/Island_01.uasset" 313
"C:/Users/Abbie/Documents/GitHub/SPARAJJ_World/SPARAJJ_World/Content/Assets/Meshes/General_Environment/Island_02_PR.uasset" 314
"C:/Users/Abbie/Documents/GitHub/SPARAJJ_World/SPARAJJ_World/Content/LevelBlueprints/BP_FallingIsland.uasset" 315
"C:/Users/Abbie/Documents/GitHub/SPARAJJ_World/SPARAJJ_World/Content/LevelBlueprints/BP_FuncLib.uasset" 316
"C:/Users/Abbie/Documents/GitHub/SPARAJJ_World/SPARAJJ_World/Content/LevelBlueprints/SC_BobbingLights.uasset" 317
"C:/Users/Abbie/Documents/GitHub/SPARAJJ_World/SPARAJJ_World/Content/Assets/Meshes/Materials/M_LightGlobule.uasset" 318
"C:/Users/Abbie/Documents/GitHub/SPARAJJ_World/SPARAJJ_World/Content/Assets/Meshes/Materials/M_LightGlobule_Blue.uasset" 319
"../../../Engine/Content/BasicShapes/Sphere.uasset" 320
"C:/Users/Abbie/Documents/GitHub/SPARAJJ_World/SPARAJJ_World/Content/LevelBlueprints/BP_GlobuleBlue.uasset" 321
"C:/Users/Abbie/Documents/GitHub/SPARAJJ_World/SPARAJJ_World/Content/Assets/Meshes/Materials/M_LightGlobule_Green.uasset" 322
"C:/Users/Abbie/Documents/GitHub/SPARAJJ_World/SPARAJJ_World/Content/LevelBlueprints/BP_GlobuleGreen.uasset" 323
"C:/Users/Abbie/Documents/GitHub/SPARAJJ_World/SPARAJJ_World/Content/Assets/Meshes/Materials/M_LightGlobule_Pink.uasset" 324
"C:/Users/Abbie/Documents/GitHub/SPARAJJ_World/SPARAJJ_World/Content/LevelBlueprints/BP_GlobulePink.uasset" 325
"C:/Users/Abbie/Documents/GitHub/SPARAJJ_World/SPARAJJ_World/Content/LevelBlueprints/SC_BobbingItems.uasset" 326
"C:/Users/Abbie/Documents/GitHub/SPARAJJ_World/SPARAJJ_World/Content/Levels/Base_World_BuiltData.uasset" 327
"C:/Users/Abbie/Documents/GitHub/SPARAJJ_World/SPARAJJ_World/Content/Assets/Meshes/SpawnMeshes/BookShelf/BS_Low_BookShelf_BaseColor.uasset" 328
"C:/Users/Abbie/Documents/GitHub/SPARAJJ_World/SPARAJJ_World/Content/Assets/Meshes/SpawnMeshes/BookShelf/BS_Low_BookShelf_Normal.uasset" 329
"C:/Users/Abbie/Documents/GitHub/SPARAJJ_World/SPARAJJ_World/Content/Assets/Meshes/SpawnMeshes/BookShelf/BS_Low_BookShelf_OcclusionRoughnessMetallic.uasset" 330
"C:/Users/Abbie/Documents/GitHub/SPARAJJ_World/SPARAJJ_World/Content/Assets/Meshes/SpawnMeshes/BookShelf/M_Bookshelf.uasset" 331
"C:/Users/Abbie/Documents/GitHub/SPARAJJ_World/SPARAJJ_World/Content/Assets/Meshes/SpawnMeshes/Phone/Phone_low_DefaultMaterial_BaseColor.uasset" 332
"C:/Users/Abbie/Documents/GitHub/SPARAJJ_World/SPARAJJ_World/Content/Assets/Meshes/SpawnMeshes/Phone/Phone_low_DefaultMaterial_Normal.uasset" 333
"C:/Users/Abbie/Documents/GitHub/SPARAJJ_World/SPARAJJ_World/Content/Assets/Meshes/SpawnMeshes/Phone/Phone_low_DefaultMaterial_OcclusionRoughnessMetallic.uasset" 334
"C:/Users/Abbie/Documents/GitHub/SPARAJJ_World/SPARAJJ_World/Content/Assets/Meshes/SpawnMeshes/Phone/M_Phone.uasset" 335
"C:/Users/Abbie/Documents/GitHub/SPARAJJ_World/SPARAJJ_World/Content/Assets/Meshes/SpawnMeshes/Remote/Remote_low_DefaultMaterial_BaseColor.uasset" 336
"C:/Users/Abbie/Documents/GitHub/SPARAJJ_World/SPARAJJ_World/Content/Assets/Meshes/SpawnMeshes/Remote/Remote_low_DefaultMaterial_Normal.uasset" 337
"C:/Users/Abbie/Documents/GitHub/SPARAJJ_World/SPARAJJ_World/Content/Assets/Meshes/SpawnMeshes/Remote/Remote_low_DefaultMaterial_OcclusionRoughnessMetallic.uasset" 338
"C:/Users/Abbie/Documents/GitHub/SPARAJJ_World/SPARAJJ_World/Content/Assets/Meshes/SpawnMeshes/Remote/M_Remote.uasset" 339
"C:/Users/Abbie/Documents/GitHub/SPARAJJ_World/SPARAJJ_World/Content/Assets/Textures/Great_Gate/GreatGate_HP_Gold_BaseColor.uasset" 340
"C:/Users/Abbie/Documents/GitHub/SPARAJJ_World/SPARAJJ_World/Content/Assets/Textures/Great_Gate/GreatGate_HP_Gold_Normal.uasset" 341
"C:/Users/Abbie/Documents/GitHub/SPARAJJ_World/SPARAJJ_World/Content/Assets/Textures/Great_Gate/GreatGate_HP_Gold_OcclusionRoughnessMetallic.uasset" 342
"C:/Users/Abbie/Documents/GitHub/SPARAJJ_World/SPARAJJ_World/Content/Assets/Textures/Great_Gate/M_Gate_Gold.uasset" 343
"C:/Users/Abbie/Documents/GitHub/SPARAJJ_World/SPARAJJ_World/Content/Assets/Textures/Great_Gate/GreatGate_HP_Roof_Tiles_BaseColor.uasset" 344
"C:/Users/Abbie/Documents/GitHub/SPARAJJ_World/SPARAJJ_World/Content/Assets/Textures/Great_Gate/GreatGate_HP_Roof_Tiles_Normal.uasset" 345
"C:/Users/Abbie/Documents/GitHub/SPARAJJ_World/SPARAJJ_World/Content/Assets/Textures/Great_Gate/GreatGate_HP_Roof_Tiles_OcclusionRoughnessMetallic.uasset" 346
"C:/Users/Abbie/Documents/GitHub/SPARAJJ_World/SPARAJJ_World/Content/Assets/Textures/Great_Gate/M_Gate_RoofTiles.uasset" 347
"C:/Users/Abbie/Documents/GitHub/SPARAJJ_World/SPARAJJ_World/Content/Assets/Textures/Great_Gate/GreatGate_HP_Stone_BaseColor.uasset" 348
"C:/Users/Abbie/Documents/GitHub/SPARAJJ_World/SPARAJJ_World/Content/Assets/Textures/Great_Gate/GreatGate_HP_Stone_Normal.uasset" 349
"C:/Users/Abbie/Documents/GitHub/SPARAJJ_World/SPARAJJ_World/Content/Assets/Textures/Great_Gate/GreatGate_HP_Stone_OcclusionRoughnessMetallic.uasset" 350
"C:/Users/Abbie/Documents/GitHub/SPARAJJ_World/SPARAJJ_World/Content/Assets/Textures/Great_Gate/M_Gate_Stone.uasset" 351
"C:/Users/Abbie/Documents/GitHub/SPARAJJ_World/SPARAJJ_World/Content/Assets/Textures/Great_Gate/GreatGate_HP_Wood_BaseColor.uasset" 352
"C:/Users/Abbie/Documents/GitHub/SPARAJJ_World/SPARAJJ_World/Content/Assets/Textures/Great_Gate/GreatGate_HP_Wood_Normal.uasset" 353
"C:/Users/Abbie/Documents/GitHub/SPARAJJ_World/SPARAJJ_World/Content/Assets/Textures/Great_Gate/GreatGate_HP_Wood_OcclusionRoughnessMetallic.uasset" 354
"C:/Users/Abbie/Documents/GitHub/SPARAJJ_World/SPARAJJ_World/Content/Assets/Textures/Great_Gate/M_Gate_Wood.uasset" 355
"C:/Users/Abbie/Documents/GitHub/SPARAJJ_World/SPARAJJ_World/Content/Assets/Textures/Great_Gate/Gate_Doors_Right_door_BaseColor.uasset" 356
"C:/Users/Abbie/Documents/GitHub/SPARAJJ_World/SPARAJJ_World/Content/Assets/Textures/Great_Gate/Gate_Doors_Right_door_Normal.uasset" 357
"C:/Users/Abbie/Documents/GitHub/SPARAJJ_World/SPARAJJ_World/Content/Assets/Textures/Great_Gate/Gate_Doors_Right_door_OcclusionRoughnessMetallic.uasset" 358
"C:/Users/Abbie/Documents/GitHub/SPARAJJ_World/SPARAJJ_World/Content/Assets/Textures/Great_Gate/M_GateDoor_L.uasset" 359
"C:/Users/Abbie/Documents/GitHub/SPARAJJ_World/SPARAJJ_World/Content/Assets/Textures/Great_Gate/Gate_Doors_Left_door_BaseColor.uasset" 360
"C:/Users/Abbie/Documents/GitHub/SPARAJJ_World/SPARAJJ_World/Content/Assets/Textures/Great_Gate/Gate_Doors_Left_door_Normal.uasset" 361
"C:/Users/Abbie/Documents/GitHub/SPARAJJ_World/SPARAJJ_World/Content/Assets/Textures/Great_Gate/Gate_Doors_Left_door_OcclusionRoughnessMetallic.uasset" 362
"C:/Users/Abbie/Documents/GitHub/SPARAJJ_World/SPARAJJ_World/Content/Assets/Textures/Great_Gate/M_GateDoor_R.uasset" 363
"C:/Users/Abbie/Documents/GitHub/SPARAJJ_World/SPARAJJ_World/Content/Assets/Textures/Temples/MediumTemple/Mid_Temple_LP_Gold_Tip_BaseColor.uasset" 364
"C:/Users/Abbie/Documents/GitHub/SPARAJJ_World/SPARAJJ_World/Content/Assets/Textures/Temples/MediumTemple/Mid_Temple_LP_Gold_Tip_Normal.uasset" 365
"C:/Users/Abbie/Documents/GitHub/SPARAJJ_World/SPARAJJ_World/Content/Assets/Textures/Temples/MediumTemple/Mid_Temple_LP_Gold_Tip_OcclusionRoughnessMetallic.uasset" 366
"C:/Users/Abbie/Documents/GitHub/SPARAJJ_World/SPARAJJ_World/Content/Assets/Textures/Temples/Materials/M_CircleTemple_Gold.uasset" 367
"C:/Users/Abbie/Documents/GitHub/SPARAJJ_World/SPARAJJ_World/Content/Assets/Textures/Temples/MediumTemple/Mid_Temple_LP_Roof_BaseColor.uasset" 368
"C:/Users/Abbie/Documents/GitHub/SPARAJJ_World/SPARAJJ_World/Content/Assets/Textures/Temples/MediumTemple/Mid_Temple_LP_Roof_Normal.uasset" 369
"C:/Users/Abbie/Documents/GitHub/SPARAJJ_World/SPARAJJ_World/Content/Assets/Textures/Temples/MediumTemple/Mid_Temple_LP_Roof_OcclusionRoughnessMetallic.uasset" 370
"C:/Users/Abbie/Documents/GitHub/SPARAJJ_World/SPARAJJ_World/Content/Assets/Textures/Temples/Materials/M_CircleTemple_Roof.uasset" 371
"C:/Users/Abbie/Documents/GitHub/SPARAJJ_World/SPARAJJ_World/Content/Assets/Textures/Temples/MediumTemple/Mid_Temple_LP_Stone_base_BaseColor.uasset" 372
"C:/Users/Abbie/Documents/GitHub/SPARAJJ_World/SPARAJJ_World/Content/Assets/Textures/Temples/MediumTemple/Mid_Temple_LP_Stone_base_Normal.uasset" 373
"C:/Users/Abbie/Documents/GitHub/SPARAJJ_World/SPARAJJ_World/Content/Assets/Textures/Temples/MediumTemple/Mid_Temple_LP_Stone_base_OcclusionRoughnessMetallic.uasset" 374
"C:/Users/Abbie/Documents/GitHub/SPARAJJ_World/SPARAJJ_World/Content/Assets/Textures/Temples/Materials/M_CircleTemple_Stone.uasset" 375
"C:/Users/Abbie/Documents/GitHub/SPARAJJ_World/SPARAJJ_World/Content/Assets/Textures/Temples/MediumTemple/Mid_Temple_LP_Wood_BaseColor.uasset" 376
"C:/Users/Abbie/Documents/GitHub/SPARAJJ_World/SPARAJJ_World/Content/Assets/Textures/Temples/MediumTemple/Mid_Temple_LP_Wood_Normal.uasset" 377
"C:/Users/Abbie/Documents/GitHub/SPARAJJ_World/SPARAJJ_World/Content/Assets/Textures/Temples/MediumTemple/Mid_Temple_LP_Wood_OcclusionRoughnessMetallic.uasset" 378
"C:/Users/Abbie/Documents/GitHub/SPARAJJ_World/SPARAJJ_World/Content/Assets/Textures/Temples/Materials/M_CircleTemple_Wood.uasset" 379
"C:/Users/Abbie/Documents/GitHub/SPARAJJ_World/SPARAJJ_World/Content/Assets/Meshes/General_Environment/GreatGate.uasset" 380
"C:/Users/Abbie/Documents/GitHub/SPARAJJ_World/SPARAJJ_World/Content/Assets/Meshes/General_Environment/GreatGate_Left_Door.uasset" 381
"C:/Users/Abbie/Documents/GitHub/SPARAJJ_World/SPARAJJ_World/Content/Assets/Meshes/General_Environment/GreatGate_Right_Door.uasset" 382
"C:/Users/Abbie/Documents/GitHub/SPARAJJ_World/SPARAJJ_World/Content/Assets/Textures/Islands/Islands_Island_02_PR_BaseColor.uasset" 383
"C:/Users/Abbie/Documents/GitHub/SPARAJJ_World/SPARAJJ_World/Content/Assets/Textures/Islands/Islands_Island_02_PR_Normal.uasset" 384
"C:/Users/Abbie/Documents/GitHub/SPARAJJ_World/SPARAJJ_World/Content/Assets/Textures/Islands/Islands_Island_02_PR_OcclusionRoughnessMetallic.uasset" 385
"C:/Users/Abbie/Documents/GitHub/SPARAJJ_World/SPARAJJ_World/Content/Assets/Textures/Islands/M_Island_02_PR.uasset" 386
"C:/Users/Abbie/Documents/GitHub/SPARAJJ_World/SPARAJJ_World/Content/Assets/Textures/Islands/Island_02.uasset" 387
"C:/Users/Abbie/Documents/GitHub/SPARAJJ_World/SPARAJJ_World/Content/Assets/Meshes/General_Environment/Island_01_PR.uasset" 388
"C:/Users/Abbie/Documents/GitHub/SPARAJJ_World/SPARAJJ_World/Content/Assets/Textures/Islands/Mountain_1_DefaultMaterial_BaseColor.uasset" 389
"C:/Users/Abbie/Documents/GitHub/SPARAJJ_World/SPARAJJ_World/Content/Assets/Textures/Islands/Mountain_1_DefaultMaterial_Normal.uasset" 390
"C:/Users/Abbie/Documents/GitHub/SPARAJJ_World/SPARAJJ_World/Content/Assets/Textures/Islands/Mountain_1_DefaultMaterial_OcclusionRoughnessMetallic.uasset" 391
"C:/Users/Abbie/Documents/GitHub/SPARAJJ_World/SPARAJJ_World/Content/Assets/Textures/Islands/M_Mountain_01_PR.uasset" 392
"C:/Users/Abbie/Documents/GitHub/SPARAJJ_World/SPARAJJ_World/Content/Assets/Meshes/General_Environment/Mountain_1.uasset" 393
"C:/Users/Abbie/Documents/GitHub/SPARAJJ_World/SPARAJJ_World/Content/Assets/Textures/Islands/Mountain_2_DefaultMaterial_BaseColor.uasset" 394
"C:/Users/Abbie/Documents/GitHub/SPARAJJ_World/SPARAJJ_World/Content/Assets/Textures/Islands/Mountain_2_DefaultMaterial_Normal.uasset" 395
"C:/Users/Abbie/Documents/GitHub/SPARAJJ_World/SPARAJJ_World/Content/Assets/Textures/Islands/Mountain_2_DefaultMaterial_OcclusionRoughnessMetallic.uasset" 396
"C:/Users/Abbie/Documents/GitHub/SPARAJJ_World/SPARAJJ_World/Content/Assets/Textures/Islands/M_Mountain_02_PR.uasset" 397
"C:/Users/Abbie/Documents/GitHub/SPARAJJ_World/SPARAJJ_World/Content/Assets/Meshes/General_Environment/Mountain_2.uasset" 398
"C:/Users/Abbie/Documents/GitHub/SPARAJJ_World/SPARAJJ_World/Content/Assets/Textures/Temples/Small_Temple_UnrealTest_Gold_BaseColor.uasset" 399
"C:/Users/Abbie/Documents/GitHub/SPARAJJ_World/SPARAJJ_World/Content/Assets/Textures/Temples/Small_Temple_UnrealTest_Gold_Normal.uasset" 400
"C:/Users/Abbie/Documents/GitHub/SPARAJJ_World/SPARAJJ_World/Content/Assets/Textures/Temples/Small_Temple_UnrealTest_Gold_OcclusionRoughnessMetallic.uasset" 401
"C:/Users/Abbie/Documents/GitHub/SPARAJJ_World/SPARAJJ_World/Content/Assets/Textures/Temples/Small_temple_gold.uasset" 402
"C:/Users/Abbie/Documents/GitHub/SPARAJJ_World/SPARAJJ_World/Content/Assets/Textures/Temples/Small_Temple_UnrealTest_Gold_tip_BaseColor.uasset" 403
"C:/Users/Abbie/Documents/GitHub/SPARAJJ_World/SPARAJJ_World/Content/Assets/Textures/Temples/Small_Temple_UnrealTest_Gold_tip_Normal.uasset" 404
"C:/Users/Abbie/Documents/GitHub/SPARAJJ_World/SPARAJJ_World/Content/Assets/Textures/Temples/Small_Temple_UnrealTest_Gold_tip_OcclusionRoughnessMetallic.uasset" 405
"C:/Users/Abbie/Documents/GitHub/SPARAJJ_World/SPARAJJ_World/Content/Assets/Textures/Temples/Small_temple_goldtip.uasset" 406
"C:/Users/Abbie/Documents/GitHub/SPARAJJ_World/SPARAJJ_World/Content/Assets/Textures/Temples/Small_Temple_UnrealTest_Roof_BaseColor.uasset" 407
"C:/Users/Abbie/Documents/GitHub/SPARAJJ_World/SPARAJJ_World/Content/Assets/Textures/Temples/Small_Temple_UnrealTest_Roof_Normal.uasset" 408
"C:/Users/Abbie/Documents/GitHub/SPARAJJ_World/SPARAJJ_World/Content/Assets/Textures/Temples/Small_Temple_UnrealTest_Roof_OcclusionRoughnessMetallic.uasset" 409
"C:/Users/Abbie/Documents/GitHub/SPARAJJ_World/SPARAJJ_World/Content/Assets/Textures/Temples/Small_Temple_Roof.uasset" 410
"C:/Users/Abbie/Documents/GitHub/SPARAJJ_World/SPARAJJ_World/Content/Assets/Textures/Temples/Small_Temple_UnrealTest_Stone_Base_BaseColor.uasset" 411
"C:/Users/Abbie/Documents/GitHub/SPARAJJ_World/SPARAJJ_World/Content/Assets/Textures/Temples/Small_Temple_UnrealTest_Stone_Base_Normal.uasset" 412
"C:/Users/Abbie/Documents/GitHub/SPARAJJ_World/SPARAJJ_World/Content/Assets/Textures/Temples/Small_Temple_UnrealTest_Stone_Base_OcclusionRoughnessMetallic.uasset" 413
"C:/Users/Abbie/Documents/GitHub/SPARAJJ_World/SPARAJJ_World/Content/Assets/Textures/Temples/Small_temple_stonebase.uasset" 414
"C:/Users/Abbie/Documents/GitHub/SPARAJJ_World/SPARAJJ_World/Content/Assets/Textures/Temples/Small_Temple_UnrealTest_Wood_BaseColor.uasset" 415
"C:/Users/Abbie/Documents/GitHub/SPARAJJ_World/SPARAJJ_World/Content/Assets/Textures/Temples/Small_Temple_UnrealTest_Wood_Normal.uasset" 416
"C:/Users/Abbie/Documents/GitHub/SPARAJJ_World/SPARAJJ_World/Content/Assets/Textures/Temples/Small_Temple_UnrealTest_Wood_OcclusionRoughnessMetallic.uasset" 417
"C:/Users/Abbie/Documents/GitHub/SPARAJJ_World/SPARAJJ_World/Content/Assets/Textures/Temples/Small_templeWood.uasset" 418
"C:/Users/Abbie/Documents/GitHub/SPARAJJ_World/SPARAJJ_World/Content/Assets/Meshes/General_Environment/Small_Temple_UnrealTest_HP.uasset" 419
"C:/Users/Abbie/Documents/GitHub/SPARAJJ_World/SPARAJJ_World/Content/Assets/Meshes/General_Environment/Tree_01.uasset" 420
"../../../Engine/Content/Functions/Engine_MaterialFunctions02/Utility/BlendAngleCorrectedNormals.uasset" 421
"C:/Users/Abbie/Documents/GitHub/SPARAJJ_World/SPARAJJ_World/Content/StarterContent/Textures/T_Detail_Rocky_N.uasset" 422
"C:/Users/Abbie/Documents/GitHub/SPARAJJ_World/SPARAJJ_World/Content/StarterContent/Textures/T_Rock_Basalt_D.uasset" 423
"C:/Users/Abbie/Documents/GitHub/SPARAJJ_World/SPARAJJ_World/Content/StarterContent/Textures/T_RockMesh_M.uasset" 424
"C:/Users/Abbie/Documents/GitHub/SPARAJJ_World/SPARAJJ_World/Content/StarterContent/Textures/T_RockMesh_N.uasset" 425
"C:/Users/Abbie/Documents/GitHub/SPARAJJ_World/SPARAJJ_World/Content/StarterContent/Props/Materials/M_Rock.uasset" 426
"C:/Users/Abbie/Documents/GitHub/SPARAJJ_World/SPARAJJ_World/Content/Assets/Meshes/RStonesRocks_Abbie/rstones_03.uasset" 427
"C:/Users/Abbie/Documents/GitHub/SPARAJJ_World/SPARAJJ_World/Content/Assets/Meshes/RStonesRocks_Abbie/rstones_04.uasset" 428
"C:/Users/Abbie/Documents/GitHub/SPARAJJ_World/SPARAJJ_World/Content/Assets/Meshes/SpawnMeshes/Bookshelf.uasset" 429
"C:/Users/Abbie/Documents/GitHub/SPARAJJ_World/SPARAJJ_World/Content/Assets/Meshes/SpawnMeshes/Pencil/Pencil_low_Pencil_BaseColor.uasset" 430
"C:/Users/Abbie/Documents/GitHub/SPARAJJ_World/SPARAJJ_World/Content/Assets/Meshes/SpawnMeshes/Pencil/Pencil_low_Pencil_Normal.uasset" 431
"C:/Users/Abbie/Documents/GitHub/SPARAJJ_World/SPARAJJ_World/Content/Assets/Meshes/SpawnMeshes/Pencil/Pencil_low_Pencil_OcclusionRoughnessMetallic.uasset" 432
"C:/Users/Abbie/Documents/GitHub/SPARAJJ_World/SPARAJJ_World/Content/Assets/Meshes/SpawnMeshes/Pencil/Pencil.uasset" 433
"C:/Users/Abbie/Documents/GitHub/SPARAJJ_World/SPARAJJ_World/Content/Assets/Meshes/SpawnMeshes/Pencil/SM_MERGED_Pencil.uasset" 434
"C:/Users/Abbie/Documents/GitHub/SPARAJJ_World/SPARAJJ_World/Content/Assets/Meshes/SpawnMeshes/Phone/Phone_low_Phone_low.uasset" 435
"C:/Users/Abbie/Documents/GitHub/SPARAJJ_World/SPARAJJ_World/Content/StarterContent/Textures/T_Brick_Cut_Stone_D.uasset" 436
"C:/Users/Abbie/Documents/GitHub/SPARAJJ_World/SPARAJJ_World/Content/StarterContent/Textures/T_Brick_Cut_Stone_N.uasset" 437
"C:/Users/Abbie/Documents/GitHub/SPARAJJ_World/SPARAJJ_World/Content/StarterContent/Textures/T_Perlin_Noise_M.uasset" 438
"C:/Users/Abbie/Documents/GitHub/SPARAJJ_World/SPARAJJ_World/Content/StarterContent/Materials/M_Brick_Cut_Stone.uasset" 439
"C:/Users/Abbie/Documents/GitHub/SPARAJJ_World/SPARAJJ_World/Content/StarterContent/Textures/T_Concrete_Poured_D.uasset" 440
"C:/Users/Abbie/Documents/GitHub/SPARAJJ_World/SPARAJJ_World/Content/StarterContent/Textures/T_Concrete_Poured_N.uasset" 441
"C:/Users/Abbie/Documents/GitHub/SPARAJJ_World/SPARAJJ_World/Content/StarterContent/Materials/M_Concrete_Poured.uasset" 442
"C:/Users/Abbie/Documents/GitHub/SPARAJJ_World/SPARAJJ_World/Content/Assets/Meshes/SpawnMeshes/Pillar.uasset" 443
"C:/Users/Abbie/Documents/GitHub/SPARAJJ_World/SPARAJJ_World/Content/Assets/Meshes/SpawnMeshes/Remote/Remote_low_Remote_low.uasset" 444
"C:/Users/Abbie/Documents/GitHub/SPARAJJ_World/SPARAJJ_World/Content/Assets/Meshes/SpawnMeshes/SM_MERGED_Bed.uasset" 445
"C:/Users/Abbie/Documents/GitHub/SPARAJJ_World/SPARAJJ_World/Content/Assets/Meshes/SpawnMeshes/SM_MERGED_lamp.uasset" 446
"C:/Users/Abbie/Documents/GitHub/SPARAJJ_World/SPARAJJ_World/Content/Assets/Meshes/SpawnMeshes/Stuff_Elephant/Elephant_Stuff_Elephant_BaseColor.uasset" 447
"C:/Users/Abbie/Documents/GitHub/SPARAJJ_World/SPARAJJ_World/Content/Assets/Meshes/SpawnMeshes/Stuff_Elephant/Elephant_Stuff_Elephant_Normal.uasset" 448
"C:/Users/Abbie/Documents/GitHub/SPARAJJ_World/SPARAJJ_World/Content/Assets/Meshes/SpawnMeshes/Stuff_Elephant/Elephant_Stuff_Elephant_OcclusionRoughnessMetallic.uasset" 449
"C:/Users/Abbie/Documents/GitHub/SPARAJJ_World/SPARAJJ_World/Content/Assets/Meshes/SpawnMeshes/Stuff_Elephant/Stuff_Elephant.uasset" 450
"C:/Users/Abbie/Documents/GitHub/SPARAJJ_World/SPARAJJ_World/Content/Assets/Meshes/SpawnMeshes/Stuff_Elephant/Elephant_Eyes_low.uasset" 451
"C:/Users/Abbie/Documents/GitHub/SPARAJJ_World/SPARAJJ_World/Content/Assets/Meshes/SpawnMeshes/Stuff_Elephant/SM_MERGED_Elephant.uasset" 452
"C:/Users/Abbie/Documents/GitHub/SPARAJJ_World/SPARAJJ_World/Content/Assets/Meshes/SpawnMeshes/TV/TV_Flicker.uasset" 453
"C:/Users/Abbie/Documents/GitHub/SPARAJJ_World/SPARAJJ_World/Content/Assets/Meshes/SpawnMeshes/TV/Tv_low_Tv_BaseColor.uasset" 454
"C:/Users/Abbie/Documents/GitHub/SPARAJJ_World/SPARAJJ_World/Content/Assets/Meshes/SpawnMeshes/TV/Tv_low_Tv_Normal.uasset" 455
"C:/Users/Abbie/Documents/GitHub/SPARAJJ_World/SPARAJJ_World/Content/Assets/Meshes/SpawnMeshes/TV/Tv_low_Tv_OcclusionRoughnessMetallic.uasset" 456
"C:/Users/Abbie/Documents/GitHub/SPARAJJ_World/SPARAJJ_World/Content/Assets/Meshes/SpawnMeshes/TV/Tv_Screen_Mask.uasset" 457
"C:/Users/Abbie/Documents/GitHub/SPARAJJ_World/SPARAJJ_World/Content/Assets/Meshes/SpawnMeshes/TV/TV_Static.uasset" 458
"C:/Users/Abbie/Documents/GitHub/SPARAJJ_World/SPARAJJ_World/Content/Assets/Meshes/SpawnMeshes/TV/M_TV.uasset" 459
"C:/Users/Abbie/Documents/GitHub/SPARAJJ_World/SPARAJJ_World/Content/Assets/Meshes/SpawnMeshes/TV/Tv_low_Tv_low.uasset" 460
"C:/Users/Abbie/Documents/GitHub/SPARAJJ_World/SPARAJJ_World/Content/Assets/Textures/Temples/BigTemple/Big_Temple_LP_Stone_base_BaseColor.uasset" 461
"C:/Users/Abbie/Documents/GitHub/SPARAJJ_World/SPARAJJ_World/Content/Assets/Textures/Temples/BigTemple/Big_Temple_LP_Stone_base_Normal.uasset" 462
"C:/Users/Abbie/Documents/GitHub/SPARAJJ_World/SPARAJJ_World/Content/Assets/Textures/Temples/BigTemple/Big_Temple_LP_Stone_base_OcclusionRoughnessMetallic.uasset" 463
"C:/Users/Abbie/Documents/GitHub/SPARAJJ_World/SPARAJJ_World/Content/Assets/Textures/Temples/BigTemple/M_BigBase.uasset" 464
"C:/Users/Abbie/Documents/GitHub/SPARAJJ_World/SPARAJJ_World/Content/Assets/Textures/Temples/BigTemple/Big_Temple_LP_Object044.uasset" 465
"C:/Users/Abbie/Documents/GitHub/SPARAJJ_World/SPARAJJ_World/Content/Assets/Textures/Temples/MediumTemple/Mid_Temple_LP_Cylinder019.uasset" 466
"C:/Users/Abbie/Documents/GitHub/SPARAJJ_World/SPARAJJ_World/Content/Levels/Base_World.umap" 467
"C:/Users/Abbie/Documents/GitHub/SPARAJJ_World/SPARAJJ_World/Content/Assets/Meshes/Materials/M_mirror.uasset" 468
"C:/Users/Abbie/Documents/GitHub/SPARAJJ_World/SPARAJJ_World/Content/StarterContent/Materials/M_Basic_Wall.uasset" 469
"C:/Users/Abbie/Documents/GitHub/SPARAJJ_World/SPARAJJ_World/Content/Assets/Meshes/General_Environment/Door_Door1.uasset" 470
"C:/Users/Abbie/Documents/GitHub/SPARAJJ_World/SPARAJJ_World/Content/LevelBlueprints/BP_Door.uasset" 471
"C:/Users/Abbie/Documents/GitHub/SPARAJJ_World/SPARAJJ_World/Content/Assets/Meshes/General_Environment/Door_DoorFrame1.uasset" 472
"C:/Users/Abbie/Documents/GitHub/SPARAJJ_World/SPARAJJ_World/Content/LevelBlueprints/E_levels.uasset" 473
"C:/Users/Abbie/Documents/GitHub/SPARAJJ_World/SPARAJJ_World/Content/LevelBlueprints/BP_leveldoor.uasset" 474
"C:/Users/Abbie/Documents/GitHub/SPARAJJ_World/SPARAJJ_World/Content/Levels/BossRoom_01_BuiltData.uasset" 475
"C:/Users/Abbie/Documents/GitHub/SPARAJJ_World/SPARAJJ_World/Content/StarterContent/Materials/M_Basic_Floor.uasset" 476
"../../../Engine/Content/BasicShapes/Cylinder.uasset" 477
"C:/Users/Abbie/Documents/GitHub/SPARAJJ_World/SPARAJJ_World/Content/Assets/Meshes/Materials/MirrorReflection.uasset" 478
"C:/Users/Abbie/Documents/GitHub/SPARAJJ_World/SPARAJJ_World/Content/Assets/Meshes/Z1_Boss_Stuff/Monster_Z1_Textures/Monster_Low_Glass_BaseColor.uasset" 479
"C:/Users/Abbie/Documents/GitHub/SPARAJJ_World/SPARAJJ_World/Content/Assets/Meshes/Z1_Boss_Stuff/Monster_Z1_Textures/Monster_Low_Glass_Normal.uasset" 480
"C:/Users/Abbie/Documents/GitHub/SPARAJJ_World/SPARAJJ_World/Content/Assets/Meshes/Z1_Boss_Stuff/Monster_Z1_Textures/Monster_Low_Glass_OcclusionRoughnessMetallic.uasset" 481
"C:/Users/Abbie/Documents/GitHub/SPARAJJ_World/SPARAJJ_World/Content/Assets/Meshes/Z1_Boss_Stuff/Monster_Z1_Textures/MonsterGlass_Mat.uasset" 482
"C:/Users/Abbie/Documents/GitHub/SPARAJJ_World/SPARAJJ_World/Content/Assets/Meshes/Z1_Boss_Stuff/Monster_Low.uasset" 483
"C:/Users/Abbie/Documents/GitHub/SPARAJJ_World/SPARAJJ_World/Content/Levels/BossRoom_01.umap" 484
"C:/Users/Abbie/Documents/GitHub/SPARAJJ_World/SPARAJJ_World/Content/HUD/StartButton.uasset" 485
"C:/Users/Abbie/Documents/GitHub/SPARAJJ_World/SPARAJJ_World/Content/HUD/StartButton_White.uasset" 486
"C:/Users/Abbie/Documents/GitHub/SPARAJJ_World/SPARAJJ_World/Content/HUD/StartingScreen.uasset" 487
"C:/Users/Abbie/Documents/GitHub/SPARAJJ_World/SPARAJJ_World/Content/HUD/Main_Menu.uasset" 488
"C:/Users/Abbie/Documents/GitHub/SPARAJJ_World/SPARAJJ_World/Content/Levels/Menus.umap" 489
"C:/Users/Abbie/Documents/GitHub/SPARAJJ_World/SPARAJJ_World/Content/Sequences/GateSequence.uasset" 490
"C:/Users/Abbie/Documents/GitHub/SPARAJJ_World/SPARAJJ_World/Content/Assets/Meshes/General_Environment/Crystal_Key_Base.uasset" 491
"C:/Users/Abbie/Documents/GitHub/SPARAJJ_World/SPARAJJ_World/Content/StarterContent/Particles/P_Smoke.uasset" 492
"C:/Users/Abbie/Documents/GitHub/SPARAJJ_World/SPARAJJ_World/Content/Assets/Meshes/Blueprints/MeshBlueprints/BP_Pedestal.uasset" 493
"C:/Users/Abbie/Documents/GitHub/SPARAJJ_World/SPARAJJ_World/Content/Levels/Zone01_BuiltData.uasset" 494
"C:/Users/Abbie/Documents/GitHub/SPARAJJ_World/SPARAJJ_World/Content/Assets/Textures/Islands/Island_04_J_Island_04_J_BaseColor.uasset" 495
"C:/Users/Abbie/Documents/GitHub/SPARAJJ_World/SPARAJJ_World/Content/Assets/Textures/Islands/Island_04_J_Island_04_J_Normal.uasset" 496
"C:/Users/Abbie/Documents/GitHub/SPARAJJ_World/SPARAJJ_World/Content/Assets/Textures/Islands/Island_04_J_Island_04_J_OcclusionRoughnessMetallic.uasset" 497
"C:/Users/Abbie/Documents/GitHub/SPARAJJ_World/SPARAJJ_World/Content/Assets/Textures/Islands/M_JesseIsland.uasset" 498
"C:/Users/Abbie/Documents/GitHub/SPARAJJ_World/SPARAJJ_World/Content/Assets/Meshes/General_Environment/Island_02_jesse.uasset" 499
"C:/Users/Abbie/Documents/GitHub/SPARAJJ_World/SPARAJJ_World/Content/Assets/Meshes/RStonesRocks_Abbie/rstones_01.uasset" 500
"C:/Users/Abbie/Documents/GitHub/SPARAJJ_World/SPARAJJ_World/Content/Assets/Meshes/RStonesRocks_Abbie/rstones_02.uasset" 501
"C:/Users/Abbie/Documents/GitHub/SPARAJJ_World/SPARAJJ_World/Content/Assets/Meshes/RStonesRocks_Abbie/rstones_05.uasset" 502
"C:/Users/Abbie/Documents/GitHub/SPARAJJ_World/SPARAJJ_World/Content/Assets/Meshes/RStonesRocks_Abbie/rstones_06.uasset" 503
"C:/Users/Abbie/Documents/GitHub/SPARAJJ_World/SPARAJJ_World/Content/Assets/Meshes/RStonesRocks_Abbie/rstones_07.uasset" 504
"C:/Users/Abbie/Documents/GitHub/SPARAJJ_World/SPARAJJ_World/Content/Assets/Textures/Temples/BigTemple/Big_Temple_LP_Columns_BaseColor.uasset" 505
"C:/Users/Abbie/Documents/GitHub/SPARAJJ_World/SPARAJJ_World/Content/Assets/Textures/Temples/BigTemple/Big_Temple_LP_Columns_Normal.uasset" 506
"C:/Users/Abbie/Documents/GitHub/SPARAJJ_World/SPARAJJ_World/Content/Assets/Textures/Temples/BigTemple/Big_Temple_LP_Columns_OcclusionRoughnessMetallic.uasset" 507
"C:/Users/Abbie/Documents/GitHub/SPARAJJ_World/SPARAJJ_World/Content/Assets/Textures/Temples/BigTemple/M_BigColumns.uasset" 508
"C:/Users/Abbie/Documents/GitHub/SPARAJJ_World/SPARAJJ_World/Content/Assets/Textures/Temples/BigTemple/Big_Temple_LP_Roof_BaseColor.uasset" 509
"C:/Users/Abbie/Documents/GitHub/SPARAJJ_World/SPARAJJ_World/Content/Assets/Textures/Temples/BigTemple/Big_Temple_LP_Roof_Normal.uasset" 510
"C:/Users/Abbie/Documents/GitHub/SPARAJJ_World/SPARAJJ_World/Content/Assets/Textures/Temples/BigTemple/Big_Temple_LP_Roof_OcclusionRoughnessMetallic.uasset" 511
"C:/Users/Abbie/Documents/GitHub/SPARAJJ_World/SPARAJJ_World/Content/Assets/Textures/Temples/BigTemple/M_BigRoof.uasset" 512
"C:/Users/Abbie/Documents/GitHub/SPARAJJ_World/SPARAJJ_World/Content/Assets/Textures/Temples/BigTemple/Big_Temple_LP_Wood_BaseColor.uasset" 513
"C:/Users/Abbie/Documents/GitHub/SPARAJJ_World/SPARAJJ_World/Content/Assets/Textures/Temples/BigTemple/Big_Temple_LP_Wood_Normal.uasset" 514
"C:/Users/Abbie/Documents/GitHub/SPARAJJ_World/SPARAJJ_World/Content/Assets/Textures/Temples/BigTemple/Big_Temple_LP_Wood_OcclusionRoughnessMetallic.uasset" 515
"C:/Users/Abbie/Documents/GitHub/SPARAJJ_World/SPARAJJ_World/Content/Assets/Textures/Temples/BigTemple/M_BigWood.uasset" 516
"C:/Users/Abbie/Documents/GitHub/SPARAJJ_World/SPARAJJ_World/Content/Assets/Textures/Temples/BigTemple/Big_Temple_LP_Unreal_Temple003.uasset" 517
"C:/Users/Abbie/Documents/GitHub/SPARAJJ_World/SPARAJJ_World/Content/Levels/Zone01.umap" 518
"../../../Engine/Content/Maps/Entry_BuiltData.uasset" 519
"../../../Engine/Content/Maps/Entry.umap" 520
