Log file open, 03/09/20 16:51:04
LogWindows: Failed to load 'aqProf.dll' (GetLastError=126)
LogWindows: File 'aqProf.dll' does not exist
LogWindows: Failed to load 'VtuneApi.dll' (GetLastError=126)
LogWindows: File 'VtuneApi.dll' does not exist
LogWindows: Failed to load 'VtuneApi32e.dll' (GetLastError=126)
LogWindows: File 'VtuneApi32e.dll' does not exist
LogConsoleResponse: Display: Failed to find resolution value strings in scalability ini. Falling back to default.
LogInit: Display: Running engine for game: SPARAJJ_World
LogPakFile: Registered encryption key '00000000000000000000000000000000': 0 pak files mounted, 0 remain pending
LogPlatformFile: Not using cached read wrapper
LogTaskGraph: Started task graph with 5 named threads and 35 total threads with 3 sets of task threads.
LogStats: Stats thread started at 0.521733
LogD3D11RHI: Loaded GFSDK_Aftermath_Lib.x64.dll
LogICUInternationalization: ICU TimeZone Detection - Raw Offset: -6:00, Platform Override: ''
LogPluginManager: Mounting plugin Paper2D
LogPluginManager: Mounting plugin AISupport
LogPluginManager: Mounting plugin LightPropagationVolume
LogPluginManager: Mounting plugin ActorLayerUtilities
LogPluginManager: Mounting plugin AnimationSharing
LogPluginManager: Mounting plugin CLionSourceCodeAccess
LogPluginManager: Mounting plugin CodeLiteSourceCodeAccess
LogPluginManager: Mounting plugin GitSourceControl
LogPluginManager: Mounting plugin KDevelopSourceCodeAccess
LogPluginManager: Mounting plugin NullSourceCodeAccess
LogPluginManager: Mounting plugin PerforceSourceControl
LogPluginManager: Mounting plugin SubversionSourceControl
LogPluginManager: Mounting plugin UObjectPlugin
LogPluginManager: Mounting plugin VisualStudioCodeSourceCodeAccess
LogPluginManager: Mounting plugin VisualStudioSourceCodeAccess
LogPluginManager: Mounting plugin XCodeSourceCodeAccess
LogPluginManager: Mounting plugin AssetManagerEditor
LogPluginManager: Mounting plugin CryptoKeys
LogPluginManager: Mounting plugin DataValidation
LogPluginManager: Mounting plugin FacialAnimation
LogPluginManager: Mounting plugin GameplayTagsEditor
LogPluginManager: Mounting plugin MacGraphicsSwitching
LogPluginManager: Mounting plugin MaterialAnalyzer
LogPluginManager: Mounting plugin MobileLauncherProfileWizard
LogPluginManager: Mounting plugin PluginBrowser
LogPluginManager: Mounting plugin SpeedTreeImporter
LogPluginManager: Mounting plugin DatasmithContent
LogPluginManager: Mounting plugin VariantManagerContent
LogPluginManager: Mounting plugin AlembicImporter
LogPluginManager: Mounting plugin AppleImageUtils
LogPluginManager: Mounting plugin AppleVision
LogPluginManager: Mounting plugin BackChannel
LogPluginManager: Mounting plugin CharacterAI
LogPluginManager: Mounting plugin GeometryCache
LogPluginManager: Mounting plugin HTML5Networking
LogPluginManager: Mounting plugin ProxyLODPlugin
LogPluginManager: Mounting plugin SkeletalReduction
LogPluginManager: Mounting plugin MagicLeap
LogPluginManager: Mounting plugin MagicLeapMedia
LogPluginManager: Mounting plugin AndroidMedia
LogPluginManager: Mounting plugin AvfMedia
LogPluginManager: Mounting plugin ImgMedia
LogPluginManager: Mounting plugin LinearTimecode
LogPluginManager: Mounting plugin MediaCompositing
LogPluginManager: Mounting plugin MediaPlayerEditor
LogPluginManager: Mounting plugin WebMMedia
LogPluginManager: Mounting plugin WmfMedia
LogPluginManager: Mounting plugin TcpMessaging
LogPluginManager: Mounting plugin UdpMessaging
LogPluginManager: Mounting plugin ActorSequence
LogPluginManager: Mounting plugin LevelSequenceEditor
LogPluginManager: Mounting plugin MatineeToLevelSequence
LogPluginManager: Mounting plugin NetcodeUnitTest
LogPluginManager: Mounting plugin NUTUnrealEngine4
LogPluginManager: Mounting plugin OnlineSubsystemGooglePlay
LogPluginManager: Mounting plugin OnlineSubsystemIOS
LogPluginManager: Mounting plugin OnlineSubsystem
LogPluginManager: Mounting plugin OnlineSubsystemNull
LogPluginManager: Mounting plugin OnlineSubsystemUtils
LogPluginManager: Mounting plugin LauncherChunkInstaller
LogPluginManager: Mounting plugin AndroidDeviceProfileSelector
LogPluginManager: Mounting plugin AndroidMoviePlayer
LogPluginManager: Mounting plugin AndroidPermission
LogPluginManager: Mounting plugin AppleMoviePlayer
LogPluginManager: Mounting plugin ArchVisCharacter
LogPluginManager: Mounting plugin AudioCapture
LogPluginManager: Mounting plugin CableComponent
LogPluginManager: Mounting plugin CustomMeshComponent
LogPluginManager: Mounting plugin EditableMesh
LogPluginManager: Mounting plugin ExampleDeviceProfileSelector
LogPluginManager: Mounting plugin Firebase
LogPluginManager: Mounting plugin GoogleCloudMessaging
LogPluginManager: Mounting plugin IOSDeviceProfileSelector
LogPluginManager: Mounting plugin LinuxDeviceProfileSelector
LogPluginManager: Mounting plugin LocationServicesBPLibrary
LogPluginManager: Mounting plugin MobilePatchingUtils
LogPluginManager: Mounting plugin OculusVR
LogPluginManager: Mounting plugin PhysXVehicles
LogPluginManager: Mounting plugin ProceduralMeshComponent
LogPluginManager: Mounting plugin RuntimePhysXCooking
LogPluginManager: Mounting plugin SignificanceManager
LogPluginManager: Mounting plugin SteamVR
LogPluginManager: Mounting plugin WebMMoviePlayer
LogPluginManager: Mounting plugin WindowsMoviePlayer
LogPluginManager: Mounting plugin SceneFusion
LogInit: Using libcurl 7.55.1-DEV
LogInit:  - built for x86_64-pc-win32
LogInit:  - supports SSL with OpenSSL/1.1.1
LogInit:  - supports HTTP deflate (compression) using libz 1.2.8
LogInit:  - other features:
LogInit:      CURL_VERSION_SSL
LogInit:      CURL_VERSION_LIBZ
LogInit:      CURL_VERSION_IPV6
LogInit:      CURL_VERSION_ASYNCHDNS
LogInit:      CURL_VERSION_LARGEFILE
LogInit:      CURL_VERSION_IDN
LogInit:  CurlRequestOptions (configurable via config and command line):
LogInit:  - bVerifyPeer = true  - Libcurl will verify peer certificate
LogInit:  - bUseHttpProxy = false  - Libcurl will NOT use HTTP proxy
LogInit:  - bDontReuseConnections = false  - Libcurl will reuse connections
LogInit:  - MaxHostConnections = 16  - Libcurl will limit the number of connections to a host
LogInit:  - LocalHostAddr = Default
LogInit:  - BufferSize = 65536
LogInit: WinSock: version 1.1 (2.2), MaxSocks=32767, MaxUdp=65467
LogInit: Build: ++UE4+Release-4.22-CL-7053642
LogInit: Engine Version: 4.22.3-7053642+++UE4+Release-4.22
LogInit: Compatible Engine Version: 4.22.0-5660361+++UE4+Release-4.22
LogInit: Net CL: 5660361
LogInit: OS: Windows 10 (Release 1903) (), CPU: Intel(R) Core(TM) i7-8750H CPU @ 2.20GHz, GPU: NVIDIA GeForce GTX 1070
LogInit: Compiled (64-bit): Jun 18 2019 03:09:11
LogInit: Compiled with Visual C++: 19.16.27025.01
LogInit: Build Configuration: Development
LogInit: Branch Name: ++UE4+Release-4.22
LogInit: Command Line: 
LogInit: Base Directory: D:/Program Files/Epic Games/UE_4.22/Engine/Binaries/Win64/
LogInit: Installed Engine Build: 1
LogDevObjectVersion: Number of dev versions registered: 23
LogDevObjectVersion:   Dev-Blueprints (B0D832E4-1F89-4F0D-ACCF-7EB736FD4AA2): 10
LogDevObjectVersion:   Dev-Build (E1C64328-A22C-4D53-A36C-8E866417BD8C): 0
LogDevObjectVersion:   Dev-Core (375EC13C-06E4-48FB-B500-84F0262A717E): 3
LogDevObjectVersion:   Dev-Editor (E4B068ED-F494-42E9-A231-DA0B2E46BB41): 30
LogDevObjectVersion:   Dev-Framework (CFFC743F-43B0-4480-9391-14DF171D2073): 35
LogDevObjectVersion:   Dev-Mobile (B02B49B5-BB20-44E9-A304-32B752E40360): 2
LogDevObjectVersion:   Dev-Networking (A4E4105C-59A1-49B5-A7C5-40C4547EDFEE): 0
LogDevObjectVersion:   Dev-Online (39C831C9-5AE6-47DC-9A44-9C173E1C8E7C): 0
LogDevObjectVersion:   Dev-Physics (78F01B33-EBEA-4F98-B9B4-84EACCB95AA2): 0
LogDevObjectVersion:   Dev-Platform (6631380F-2D4D-43E0-8009-CF276956A95A): 0
LogDevObjectVersion:   Dev-Rendering (12F88B9F-8875-4AFC-A67C-D90C383ABD29): 28
LogDevObjectVersion:   Dev-Sequencer (7B5AE74C-D270-4C10-A958-57980B212A5A): 11
LogDevObjectVersion:   Dev-VR (D7296918-1DD6-4BDD-9DE2-64A83CC13884): 2
LogDevObjectVersion:   Dev-LoadTimes (C2A15278-BFE7-4AFE-6C17-90FF531DF755): 1
LogDevObjectVersion:   Private-Geometry (6EACA3D4-40EC-4CC1-B786-8BED09428FC5): 3
LogDevObjectVersion:   Dev-AnimPhys (29E575DD-E0A3-4627-9D10-D276232CDCEA): 17
LogDevObjectVersion:   Dev-Anim (AF43A65D-7FD3-4947-9873-3E8ED9C1BB05): 2
LogDevObjectVersion:   Dev-ReflectionCapture (6B266CEC-1EC7-4B8F-A30B-E4D90942FC07): 1
LogDevObjectVersion:   Dev-Automation (0DF73D61-A23F-47EA-B727-89E90C41499A): 1
LogDevObjectVersion:   FortniteMain (601D1886-AC64-4F84-AA16-D3DE0DEAC7D6): 25
LogDevObjectVersion:   Dev-Enterprise (9DFFBCD6-494F-0158-E221-12823C92A888): 6
LogDevObjectVersion:   Dev-Niagara (F2AED0AC-9AFE-416F-8664-AA7FFA26D6FC): 1
LogDevObjectVersion:   Dev-Destruction (174F1F0B-B4C6-45A5-B13F-2EE8D0FB917D): 2
LogInit: Presizing for max 16777216 objects, including 0 objects not considered by GC, pre-allocating 0 bytes for permanent pool.
LogInit: Object subsystem initialized
LogConfig: Setting CVar [[con.DebugEarlyDefault:1]]
LogConfig: Setting CVar [[r.setres:1280x720]]
[2020.03.09-21.51.06:290][  0]LogConfig: Setting CVar [[r.VSync:0]]
[2020.03.09-21.51.06:290][  0]LogConfig: Setting CVar [[r.RHICmdBypass:0]]
[2020.03.09-21.51.06:290][  0]LogConfig: Applying CVar settings from Section [/Script/Engine.RendererSettings] File [C:/Users/Abbie/Documents/GitHub/SPARAJJ_World/Saved/Config/Windows/Engine.ini]
[2020.03.09-21.51.06:290][  0]LogConfig: Setting CVar [[r.GPUCrashDebugging:0]]
[2020.03.09-21.51.06:290][  0]LogConfig: Setting CVar [[r.AllowGlobalClipPlane:0]]
[2020.03.09-21.51.06:290][  0]LogConfig: Applying CVar settings from Section [/Script/Engine.RendererOverrideSettings] File [C:/Users/Abbie/Documents/GitHub/SPARAJJ_World/Saved/Config/Windows/Engine.ini]
[2020.03.09-21.51.06:290][  0]LogConfig: Applying CVar settings from Section [/Script/Engine.StreamingSettings] File [C:/Users/Abbie/Documents/GitHub/SPARAJJ_World/Saved/Config/Windows/Engine.ini]
[2020.03.09-21.51.06:290][  0]LogConfig: Setting CVar [[s.MinBulkDataSizeForAsyncLoading:131072]]
[2020.03.09-21.51.06:290][  0]LogConfig: Setting CVar [[s.AsyncLoadingThreadEnabled:0]]
[2020.03.09-21.51.06:290][  0]LogConfig: Setting CVar [[s.EventDrivenLoaderEnabled:1]]
[2020.03.09-21.51.06:290][  0]LogConfig: Setting CVar [[s.WarnIfTimeLimitExceeded:0]]
[2020.03.09-21.51.06:290][  0]LogConfig: Setting CVar [[s.TimeLimitExceededMultiplier:1.5]]
[2020.03.09-21.51.06:290][  0]LogConfig: Setting CVar [[s.TimeLimitExceededMinTime:0.005]]
[2020.03.09-21.51.06:290][  0]LogConfig: Setting CVar [[s.UseBackgroundLevelStreaming:1]]
[2020.03.09-21.51.06:290][  0]LogConfig: Setting CVar [[s.PriorityAsyncLoadingExtraTime:15.0]]
[2020.03.09-21.51.06:290][  0]LogConfig: Setting CVar [[s.LevelStreamingActorsUpdateTimeLimit:5.0]]
[2020.03.09-21.51.06:290][  0]LogConfig: Setting CVar [[s.PriorityLevelStreamingActorsUpdateExtraTime:5.0]]
[2020.03.09-21.51.06:290][  0]LogConfig: Setting CVar [[s.LevelStreamingComponentsRegistrationGranularity:10]]
[2020.03.09-21.51.06:290][  0]LogConfig: Setting CVar [[s.UnregisterComponentsTimeLimit:1.0]]
[2020.03.09-21.51.06:290][  0]LogConfig: Setting CVar [[s.LevelStreamingComponentsUnregistrationGranularity:5]]
[2020.03.09-21.51.06:290][  0]LogConfig: Applying CVar settings from Section [/Script/Engine.GarbageCollectionSettings] File [C:/Users/Abbie/Documents/GitHub/SPARAJJ_World/Saved/Config/Windows/Engine.ini]
[2020.03.09-21.51.06:290][  0]LogConfig: Setting CVar [[gc.MaxObjectsNotConsideredByGC:1]]
[2020.03.09-21.51.06:290][  0]LogConfig: Setting CVar [[gc.SizeOfPermanentObjectPool:0]]
[2020.03.09-21.51.06:290][  0]LogConfig: Setting CVar [[gc.FlushStreamingOnGC:0]]
[2020.03.09-21.51.06:290][  0]LogConfig: Setting CVar [[gc.NumRetriesBeforeForcingGC:10]]
[2020.03.09-21.51.06:290][  0]LogConfig: Setting CVar [[gc.AllowParallelGC:1]]
[2020.03.09-21.51.06:290][  0]LogConfig: Setting CVar [[gc.TimeBetweenPurgingPendingKillObjects:61.1]]
[2020.03.09-21.51.06:290][  0]LogConfig: Setting CVar [[gc.MaxObjectsInEditor:16777216]]
[2020.03.09-21.51.06:290][  0]LogConfig: Setting CVar [[gc.IncrementalBeginDestroyEnabled:1]]
[2020.03.09-21.51.06:290][  0]LogConfig: Setting CVar [[gc.CreateGCClusters:1]]
[2020.03.09-21.51.06:290][  0]LogConfig: Setting CVar [[gc.MinGCClusterSize:5]]
[2020.03.09-21.51.06:290][  0]LogConfig: Setting CVar [[gc.ActorClusteringEnabled:0]]
[2020.03.09-21.51.06:290][  0]LogConfig: Setting CVar [[gc.BlueprintClusteringEnabled:0]]
[2020.03.09-21.51.06:290][  0]LogConfig: Setting CVar [[gc.UseDisregardForGCOnDedicatedServers:0]]
[2020.03.09-21.51.06:290][  0]LogConfig: Applying CVar settings from Section [/Script/Engine.NetworkSettings] File [C:/Users/Abbie/Documents/GitHub/SPARAJJ_World/Saved/Config/Windows/Engine.ini]
[2020.03.09-21.51.06:290][  0]LogConfig: Applying CVar settings from Section [/Script/UnrealEd.CookerSettings] File [C:/Users/Abbie/Documents/GitHub/SPARAJJ_World/Saved/Config/Windows/Engine.ini]
[2020.03.09-21.51.06:293][  0]LogConfig: Applying CVar settings from Section [ViewDistanceQuality@3] File [C:/Users/Abbie/Documents/GitHub/SPARAJJ_World/Saved/Config/Windows/Scalability.ini]
[2020.03.09-21.51.06:293][  0]LogConfig: Setting CVar [[r.SkeletalMeshLODBias:0]]
[2020.03.09-21.51.06:293][  0]LogConfig: Setting CVar [[r.ViewDistanceScale:1.0]]
[2020.03.09-21.51.06:293][  0]LogConfig: Applying CVar settings from Section [AntiAliasingQuality@3] File [C:/Users/Abbie/Documents/GitHub/SPARAJJ_World/Saved/Config/Windows/Scalability.ini]
[2020.03.09-21.51.06:293][  0]LogConfig: Setting CVar [[r.PostProcessAAQuality:4]]
[2020.03.09-21.51.06:293][  0]LogConfig: Applying CVar settings from Section [ShadowQuality@3] File [C:/Users/Abbie/Documents/GitHub/SPARAJJ_World/Saved/Config/Windows/Scalability.ini]
[2020.03.09-21.51.06:293][  0]LogConfig: Setting CVar [[r.LightFunctionQuality:1]]
[2020.03.09-21.51.06:293][  0]LogConfig: Setting CVar [[r.ShadowQuality:5]]
[2020.03.09-21.51.06:293][  0]LogConfig: Setting CVar [[r.Shadow.CSM.MaxCascades:10]]
[2020.03.09-21.51.06:293][  0]LogConfig: Setting CVar [[r.Shadow.MaxResolution:2048]]
[2020.03.09-21.51.06:293][  0]LogConfig: Setting CVar [[r.Shadow.MaxCSMResolution:2048]]
[2020.03.09-21.51.06:293][  0]LogConfig: Setting CVar [[r.Shadow.RadiusThreshold:0.01]]
[2020.03.09-21.51.06:293][  0]LogConfig: Setting CVar [[r.Shadow.DistanceScale:1.0]]
[2020.03.09-21.51.06:293][  0]LogConfig: Setting CVar [[r.Shadow.CSM.TransitionScale:1.0]]
[2020.03.09-21.51.06:293][  0]LogConfig: Setting CVar [[r.Shadow.PreShadowResolutionFactor:1.0]]
[2020.03.09-21.51.06:293][  0]LogConfig: Setting CVar [[r.DistanceFieldShadowing:1]]
[2020.03.09-21.51.06:293][  0]LogConfig: Setting CVar [[r.DistanceFieldAO:1]]
[2020.03.09-21.51.06:293][  0]LogConfig: Setting CVar [[r.AOQuality:2]]
[2020.03.09-21.51.06:293][  0]LogConfig: Setting CVar [[r.VolumetricFog:1]]
[2020.03.09-21.51.06:293][  0]LogConfig: Setting CVar [[r.VolumetricFog.GridPixelSize:8]]
[2020.03.09-21.51.06:293][  0]LogConfig: Setting CVar [[r.VolumetricFog.GridSizeZ:128]]
[2020.03.09-21.51.06:293][  0]LogConfig: Setting CVar [[r.VolumetricFog.HistoryMissSupersampleCount:4]]
[2020.03.09-21.51.06:293][  0]LogConfig: Setting CVar [[r.LightMaxDrawDistanceScale:1]]
[2020.03.09-21.51.06:293][  0]LogConfig: Setting CVar [[r.CapsuleShadows:1]]
[2020.03.09-21.51.06:293][  0]LogConfig: Applying CVar settings from Section [PostProcessQuality@3] File [C:/Users/Abbie/Documents/GitHub/SPARAJJ_World/Saved/Config/Windows/Scalability.ini]
[2020.03.09-21.51.06:293][  0]LogConfig: Setting CVar [[r.MotionBlurQuality:4]]
[2020.03.09-21.51.06:293][  0]LogConfig: Setting CVar [[r.AmbientOcclusionMipLevelFactor:0.4]]
[2020.03.09-21.51.06:293][  0]LogConfig: Setting CVar [[r.AmbientOcclusionMaxQuality:100]]
[2020.03.09-21.51.06:293][  0]LogConfig: Setting CVar [[r.AmbientOcclusionLevels:-1]]
[2020.03.09-21.51.06:293][  0]LogConfig: Setting CVar [[r.AmbientOcclusionRadiusScale:1.0]]
[2020.03.09-21.51.06:293][  0]LogConfig: Setting CVar [[r.DepthOfFieldQuality:2]]
[2020.03.09-21.51.06:293][  0]LogConfig: Setting CVar [[r.RenderTargetPoolMin:400]]
[2020.03.09-21.51.06:293][  0]LogConfig: Setting CVar [[r.LensFlareQuality:2]]
[2020.03.09-21.51.06:293][  0]LogConfig: Setting CVar [[r.SceneColorFringeQuality:1]]
[2020.03.09-21.51.06:293][  0]LogConfig: Setting CVar [[r.EyeAdaptationQuality:2]]
[2020.03.09-21.51.06:293][  0]LogConfig: Setting CVar [[r.BloomQuality:5]]
[2020.03.09-21.51.06:293][  0]LogConfig: Setting CVar [[r.FastBlurThreshold:100]]
[2020.03.09-21.51.06:293][  0]LogConfig: Setting CVar [[r.Upscale.Quality:3]]
[2020.03.09-21.51.06:293][  0]LogConfig: Setting CVar [[r.Tonemapper.GrainQuantization:1]]
[2020.03.09-21.51.06:293][  0]LogConfig: Setting CVar [[r.LightShaftQuality:1]]
[2020.03.09-21.51.06:293][  0]LogConfig: Setting CVar [[r.Filter.SizeScale:1]]
[2020.03.09-21.51.06:293][  0]LogConfig: Setting CVar [[r.Tonemapper.Quality:5]]
[2020.03.09-21.51.06:293][  0]LogConfig: Setting CVar [[r.DOF.Gather.AccumulatorQuality:1        ; higher gathering accumulator quality]]
[2020.03.09-21.51.06:293][  0]LogConfig: Setting CVar [[r.DOF.Gather.PostfilterMethod:1          ; Median3x3 postfilering method]]
[2020.03.09-21.51.06:293][  0]LogConfig: Setting CVar [[r.DOF.Gather.EnableBokehSettings:0       ; no bokeh simulation when gathering]]
[2020.03.09-21.51.06:293][  0]LogConfig: Setting CVar [[r.DOF.Gather.RingCount:4                 ; medium number of samples when gathering]]
[2020.03.09-21.51.06:293][  0]LogConfig: Setting CVar [[r.DOF.Scatter.ForegroundCompositing:1    ; additive foreground scattering]]
[2020.03.09-21.51.06:293][  0]LogConfig: Setting CVar [[r.DOF.Scatter.BackgroundCompositing:2    ; additive background scattering]]
[2020.03.09-21.51.06:293][  0]LogConfig: Setting CVar [[r.DOF.Scatter.EnableBokehSettings:1      ; bokeh simulation when scattering]]
[2020.03.09-21.51.06:293][  0]LogConfig: Setting CVar [[r.DOF.Scatter.MaxSpriteRatio:0.1         ; only a maximum of 10% of scattered bokeh]]
[2020.03.09-21.51.06:293][  0]LogConfig: Setting CVar [[r.DOF.Recombine.Quality:1                ; cheap slight out of focus]]
[2020.03.09-21.51.06:293][  0]LogConfig: Setting CVar [[r.DOF.Recombine.EnableBokehSettings:0    ; no bokeh simulation on slight out of focus]]
[2020.03.09-21.51.06:293][  0]LogConfig: Setting CVar [[r.DOF.TemporalAAQuality:1                ; more stable temporal accumulation]]
[2020.03.09-21.51.06:293][  0]LogConfig: Setting CVar [[r.DOF.Kernel.MaxForegroundRadius:0.025]]
[2020.03.09-21.51.06:293][  0]LogConfig: Setting CVar [[r.DOF.Kernel.MaxBackgroundRadius:0.025]]
[2020.03.09-21.51.06:293][  0]LogConfig: Applying CVar settings from Section [TextureQuality@3] File [C:/Users/Abbie/Documents/GitHub/SPARAJJ_World/Saved/Config/Windows/Scalability.ini]
[2020.03.09-21.51.06:293][  0]LogConfig: Setting CVar [[r.Streaming.MipBias:0]]
[2020.03.09-21.51.06:293][  0]LogConfig: Setting CVar [[r.Streaming.AmortizeCPUToGPUCopy:0]]
[2020.03.09-21.51.06:293][  0]LogConfig: Setting CVar [[r.Streaming.MaxNumTexturesToStreamPerFrame:0]]
[2020.03.09-21.51.06:293][  0]LogConfig: Setting CVar [[r.Streaming.Boost:1]]
[2020.03.09-21.51.06:293][  0]LogConfig: Setting CVar [[r.MaxAnisotropy:8]]
[2020.03.09-21.51.06:293][  0]LogConfig: Setting CVar [[r.Streaming.LimitPoolSizeToVRAM:0]]
[2020.03.09-21.51.06:293][  0]LogConfig: Setting CVar [[r.Streaming.PoolSize:1000]]
[2020.03.09-21.51.06:293][  0]LogConfig: Setting CVar [[r.Streaming.MaxEffectiveScreenSize:0]]
[2020.03.09-21.51.06:294][  0]LogConfig: Applying CVar settings from Section [EffectsQuality@3] File [C:/Users/Abbie/Documents/GitHub/SPARAJJ_World/Saved/Config/Windows/Scalability.ini]
[2020.03.09-21.51.06:294][  0]LogConfig: Setting CVar [[r.TranslucencyLightingVolumeDim:64]]
[2020.03.09-21.51.06:294][  0]LogConfig: Setting CVar [[r.RefractionQuality:2]]
[2020.03.09-21.51.06:294][  0]LogConfig: Setting CVar [[r.SSR.Quality:3]]
[2020.03.09-21.51.06:294][  0]LogConfig: Setting CVar [[r.SceneColorFormat:4]]
[2020.03.09-21.51.06:294][  0]LogConfig: Setting CVar [[r.DetailMode:2]]
[2020.03.09-21.51.06:294][  0]LogConfig: Setting CVar [[r.TranslucencyVolumeBlur:1]]
[2020.03.09-21.51.06:294][  0]LogConfig: Setting CVar [[r.MaterialQualityLevel:1 ; High quality]]
[2020.03.09-21.51.06:294][  0]LogConfig: Setting CVar [[r.SSS.Scale:1]]
[2020.03.09-21.51.06:294][  0]LogConfig: Setting CVar [[r.SSS.SampleSet:2]]
[2020.03.09-21.51.06:294][  0]LogConfig: Setting CVar [[r.SSS.Quality:1]]
[2020.03.09-21.51.06:294][  0]LogConfig: Setting CVar [[r.SSS.HalfRes:1]]
[2020.03.09-21.51.06:294][  0]LogConfig: Setting CVar [[r.EmitterSpawnRateScale:1.0]]
[2020.03.09-21.51.06:294][  0]LogConfig: Setting CVar [[r.ParticleLightQuality:2]]
[2020.03.09-21.51.06:294][  0]LogConfig: Applying CVar settings from Section [FoliageQuality@3] File [C:/Users/Abbie/Documents/GitHub/SPARAJJ_World/Saved/Config/Windows/Scalability.ini]
[2020.03.09-21.51.06:294][  0]LogConfig: Setting CVar [[foliage.DensityScale:1.0]]
[2020.03.09-21.51.06:294][  0]LogConfig: Setting CVar [[grass.DensityScale:1.0]]
[2020.03.09-21.51.06:294][  0]LogInit: Selected Device Profile: [Windows]
[2020.03.09-21.51.06:294][  0]LogInit: Applying CVar settings loaded from the selected device profile: [Windows]
[2020.03.09-21.51.06:325][  0]LogHAL: Display: Platform has ~ 16 GB [17031602176 / 17179869184 / 16], which maps to Larger [LargestMinGB=32, LargerMinGB=12, DefaultMinGB=8, SmallerMinGB=6, SmallestMinGB=0)
[2020.03.09-21.51.06:325][  0]LogConfig: Setting CVar [[r.Vulkan.UseRealUBs:0		; Required until we fix HLR fall-out]]
[2020.03.09-21.51.06:325][  0]LogInit: Going up to parent DeviceProfile []
[2020.03.09-21.51.06:325][  0]LogConfig: Applying CVar settings from Section [ViewDistanceQuality@3] File [C:/Users/Abbie/Documents/GitHub/SPARAJJ_World/Saved/Config/Windows/Scalability.ini]
[2020.03.09-21.51.06:325][  0]LogConfig: Setting CVar [[r.SkeletalMeshLODBias:0]]
[2020.03.09-21.51.06:325][  0]LogConfig: Setting CVar [[r.ViewDistanceScale:1.0]]
[2020.03.09-21.51.06:325][  0]LogConfig: Applying CVar settings from Section [AntiAliasingQuality@3] File [C:/Users/Abbie/Documents/GitHub/SPARAJJ_World/Saved/Config/Windows/Scalability.ini]
[2020.03.09-21.51.06:325][  0]LogConfig: Setting CVar [[r.PostProcessAAQuality:4]]
[2020.03.09-21.51.06:325][  0]LogConfig: Applying CVar settings from Section [ShadowQuality@3] File [C:/Users/Abbie/Documents/GitHub/SPARAJJ_World/Saved/Config/Windows/Scalability.ini]
[2020.03.09-21.51.06:325][  0]LogConfig: Setting CVar [[r.LightFunctionQuality:1]]
[2020.03.09-21.51.06:325][  0]LogConfig: Setting CVar [[r.ShadowQuality:5]]
[2020.03.09-21.51.06:325][  0]LogConfig: Setting CVar [[r.Shadow.CSM.MaxCascades:10]]
[2020.03.09-21.51.06:325][  0]LogConfig: Setting CVar [[r.Shadow.MaxResolution:2048]]
[2020.03.09-21.51.06:325][  0]LogConfig: Setting CVar [[r.Shadow.MaxCSMResolution:2048]]
[2020.03.09-21.51.06:325][  0]LogConfig: Setting CVar [[r.Shadow.RadiusThreshold:0.01]]
[2020.03.09-21.51.06:325][  0]LogConfig: Setting CVar [[r.Shadow.DistanceScale:1.0]]
[2020.03.09-21.51.06:325][  0]LogConfig: Setting CVar [[r.Shadow.CSM.TransitionScale:1.0]]
[2020.03.09-21.51.06:325][  0]LogConfig: Setting CVar [[r.Shadow.PreShadowResolutionFactor:1.0]]
[2020.03.09-21.51.06:325][  0]LogConfig: Setting CVar [[r.DistanceFieldShadowing:1]]
[2020.03.09-21.51.06:325][  0]LogConfig: Setting CVar [[r.DistanceFieldAO:1]]
[2020.03.09-21.51.06:325][  0]LogConfig: Setting CVar [[r.AOQuality:2]]
[2020.03.09-21.51.06:325][  0]LogConfig: Setting CVar [[r.VolumetricFog:1]]
[2020.03.09-21.51.06:325][  0]LogConfig: Setting CVar [[r.VolumetricFog.GridPixelSize:8]]
[2020.03.09-21.51.06:325][  0]LogConfig: Setting CVar [[r.VolumetricFog.GridSizeZ:128]]
[2020.03.09-21.51.06:325][  0]LogConfig: Setting CVar [[r.VolumetricFog.HistoryMissSupersampleCount:4]]
[2020.03.09-21.51.06:325][  0]LogConfig: Setting CVar [[r.LightMaxDrawDistanceScale:1]]
[2020.03.09-21.51.06:325][  0]LogConfig: Setting CVar [[r.CapsuleShadows:1]]
[2020.03.09-21.51.06:325][  0]LogConfig: Applying CVar settings from Section [PostProcessQuality@3] File [C:/Users/Abbie/Documents/GitHub/SPARAJJ_World/Saved/Config/Windows/Scalability.ini]
[2020.03.09-21.51.06:325][  0]LogConfig: Setting CVar [[r.MotionBlurQuality:4]]
[2020.03.09-21.51.06:325][  0]LogConfig: Setting CVar [[r.AmbientOcclusionMipLevelFactor:0.4]]
[2020.03.09-21.51.06:325][  0]LogConfig: Setting CVar [[r.AmbientOcclusionMaxQuality:100]]
[2020.03.09-21.51.06:325][  0]LogConfig: Setting CVar [[r.AmbientOcclusionLevels:-1]]
[2020.03.09-21.51.06:325][  0]LogConfig: Setting CVar [[r.AmbientOcclusionRadiusScale:1.0]]
[2020.03.09-21.51.06:325][  0]LogConfig: Setting CVar [[r.DepthOfFieldQuality:2]]
[2020.03.09-21.51.06:325][  0]LogConfig: Setting CVar [[r.RenderTargetPoolMin:400]]
[2020.03.09-21.51.06:325][  0]LogConfig: Setting CVar [[r.LensFlareQuality:2]]
[2020.03.09-21.51.06:325][  0]LogConfig: Setting CVar [[r.SceneColorFringeQuality:1]]
[2020.03.09-21.51.06:325][  0]LogConfig: Setting CVar [[r.EyeAdaptationQuality:2]]
[2020.03.09-21.51.06:325][  0]LogConfig: Setting CVar [[r.BloomQuality:5]]
[2020.03.09-21.51.06:325][  0]LogConfig: Setting CVar [[r.FastBlurThreshold:100]]
[2020.03.09-21.51.06:326][  0]LogConfig: Setting CVar [[r.Upscale.Quality:3]]
[2020.03.09-21.51.06:326][  0]LogConfig: Setting CVar [[r.Tonemapper.GrainQuantization:1]]
[2020.03.09-21.51.06:326][  0]LogConfig: Setting CVar [[r.LightShaftQuality:1]]
[2020.03.09-21.51.06:326][  0]LogConfig: Setting CVar [[r.Filter.SizeScale:1]]
[2020.03.09-21.51.06:326][  0]LogConfig: Setting CVar [[r.Tonemapper.Quality:5]]
[2020.03.09-21.51.06:326][  0]LogConfig: Setting CVar [[r.DOF.Gather.AccumulatorQuality:1        ; higher gathering accumulator quality]]
[2020.03.09-21.51.06:326][  0]LogConfig: Setting CVar [[r.DOF.Gather.PostfilterMethod:1          ; Median3x3 postfilering method]]
[2020.03.09-21.51.06:326][  0]LogConfig: Setting CVar [[r.DOF.Gather.EnableBokehSettings:0       ; no bokeh simulation when gathering]]
[2020.03.09-21.51.06:326][  0]LogConfig: Setting CVar [[r.DOF.Gather.RingCount:4                 ; medium number of samples when gathering]]
[2020.03.09-21.51.06:326][  0]LogConfig: Setting CVar [[r.DOF.Scatter.ForegroundCompositing:1    ; additive foreground scattering]]
[2020.03.09-21.51.06:326][  0]LogConfig: Setting CVar [[r.DOF.Scatter.BackgroundCompositing:2    ; additive background scattering]]
[2020.03.09-21.51.06:326][  0]LogConfig: Setting CVar [[r.DOF.Scatter.EnableBokehSettings:1      ; bokeh simulation when scattering]]
[2020.03.09-21.51.06:326][  0]LogConfig: Setting CVar [[r.DOF.Scatter.MaxSpriteRatio:0.1         ; only a maximum of 10% of scattered bokeh]]
[2020.03.09-21.51.06:326][  0]LogConfig: Setting CVar [[r.DOF.Recombine.Quality:1                ; cheap slight out of focus]]
[2020.03.09-21.51.06:326][  0]LogConfig: Setting CVar [[r.DOF.Recombine.EnableBokehSettings:0    ; no bokeh simulation on slight out of focus]]
[2020.03.09-21.51.06:326][  0]LogConfig: Setting CVar [[r.DOF.TemporalAAQuality:1                ; more stable temporal accumulation]]
[2020.03.09-21.51.06:326][  0]LogConfig: Setting CVar [[r.DOF.Kernel.MaxForegroundRadius:0.025]]
[2020.03.09-21.51.06:326][  0]LogConfig: Setting CVar [[r.DOF.Kernel.MaxBackgroundRadius:0.025]]
[2020.03.09-21.51.06:326][  0]LogConfig: Applying CVar settings from Section [TextureQuality@3] File [C:/Users/Abbie/Documents/GitHub/SPARAJJ_World/Saved/Config/Windows/Scalability.ini]
[2020.03.09-21.51.06:326][  0]LogConfig: Setting CVar [[r.Streaming.MipBias:0]]
[2020.03.09-21.51.06:326][  0]LogConfig: Setting CVar [[r.Streaming.AmortizeCPUToGPUCopy:0]]
[2020.03.09-21.51.06:326][  0]LogConfig: Setting CVar [[r.Streaming.MaxNumTexturesToStreamPerFrame:0]]
[2020.03.09-21.51.06:326][  0]LogConfig: Setting CVar [[r.Streaming.Boost:1]]
[2020.03.09-21.51.06:326][  0]LogConfig: Setting CVar [[r.MaxAnisotropy:8]]
[2020.03.09-21.51.06:326][  0]LogConfig: Setting CVar [[r.Streaming.LimitPoolSizeToVRAM:0]]
[2020.03.09-21.51.06:326][  0]LogConfig: Setting CVar [[r.Streaming.PoolSize:1000]]
[2020.03.09-21.51.06:326][  0]LogConfig: Setting CVar [[r.Streaming.MaxEffectiveScreenSize:0]]
[2020.03.09-21.51.06:326][  0]LogConfig: Applying CVar settings from Section [EffectsQuality@3] File [C:/Users/Abbie/Documents/GitHub/SPARAJJ_World/Saved/Config/Windows/Scalability.ini]
[2020.03.09-21.51.06:326][  0]LogConfig: Setting CVar [[r.TranslucencyLightingVolumeDim:64]]
[2020.03.09-21.51.06:326][  0]LogConfig: Setting CVar [[r.RefractionQuality:2]]
[2020.03.09-21.51.06:326][  0]LogConfig: Setting CVar [[r.SSR.Quality:3]]
[2020.03.09-21.51.06:326][  0]LogConfig: Setting CVar [[r.SceneColorFormat:4]]
[2020.03.09-21.51.06:326][  0]LogConfig: Setting CVar [[r.DetailMode:2]]
[2020.03.09-21.51.06:326][  0]LogConfig: Setting CVar [[r.TranslucencyVolumeBlur:1]]
[2020.03.09-21.51.06:326][  0]LogConfig: Setting CVar [[r.MaterialQualityLevel:1 ; High quality]]
[2020.03.09-21.51.06:326][  0]LogConfig: Setting CVar [[r.SSS.Scale:1]]
[2020.03.09-21.51.06:326][  0]LogConfig: Setting CVar [[r.SSS.SampleSet:2]]
[2020.03.09-21.51.06:326][  0]LogConfig: Setting CVar [[r.SSS.Quality:1]]
[2020.03.09-21.51.06:326][  0]LogConfig: Setting CVar [[r.SSS.HalfRes:1]]
[2020.03.09-21.51.06:326][  0]LogConfig: Setting CVar [[r.EmitterSpawnRateScale:1.0]]
[2020.03.09-21.51.06:326][  0]LogConfig: Setting CVar [[r.ParticleLightQuality:2]]
[2020.03.09-21.51.06:326][  0]LogConfig: Applying CVar settings from Section [FoliageQuality@3] File [C:/Users/Abbie/Documents/GitHub/SPARAJJ_World/Saved/Config/Windows/Scalability.ini]
[2020.03.09-21.51.06:326][  0]LogConfig: Setting CVar [[foliage.DensityScale:1.0]]
[2020.03.09-21.51.06:326][  0]LogConfig: Setting CVar [[grass.DensityScale:1.0]]
[2020.03.09-21.51.06:326][  0]LogConfig: Applying CVar settings from Section [Startup] File [../../../Engine/Config/ConsoleVariables.ini]
[2020.03.09-21.51.06:336][  0]LogConfig: Setting CVar [[net.UseAdaptiveNetUpdateFrequency:0]]
[2020.03.09-21.51.06:336][  0]LogConfig: Setting CVar [[p.chaos.AllowCreatePhysxBodies:1]]
[2020.03.09-21.51.06:336][  0]LogConfig: Applying CVar settings from Section [ConsoleVariables] File [C:/Users/Abbie/Documents/GitHub/SPARAJJ_World/Saved/Config/Windows/Engine.ini]
[2020.03.09-21.51.06:336][  0]LogInit: Computer: DESKTOP-4V7LEO5
[2020.03.09-21.51.06:336][  0]LogInit: User: Abbie
[2020.03.09-21.51.06:336][  0]LogInit: CPU Page size=4096, Cores=6
[2020.03.09-21.51.06:336][  0]LogInit: High frequency timer resolution =10.000000 MHz
[2020.03.09-21.51.06:336][  0]LogMemory: Memory total: Physical=15.9GB (16GB approx)
[2020.03.09-21.51.06:336][  0]LogMemory: Platform Memory Stats for Windows
[2020.03.09-21.51.06:336][  0]LogMemory: Process Physical Memory: 102.24 MB used, 102.25 MB peak
[2020.03.09-21.51.06:336][  0]LogMemory: Process Virtual Memory: 90.04 MB used, 90.04 MB peak
[2020.03.09-21.51.06:336][  0]LogMemory: Physical Memory: 6871.94 MB used,  9370.66 MB free, 16242.60 MB total
[2020.03.09-21.51.06:336][  0]LogMemory: Virtual Memory: 4661.02 MB used,  134213064.00 MB free, 134217728.00 MB total
[2020.03.09-21.51.06:974][  0]LogInit: Using OS detected language (en-US).
[2020.03.09-21.51.06:974][  0]LogInit: Using OS detected locale (en-US).
[2020.03.09-21.51.06:997][  0]LogTextLocalizationManager: No specific localization for 'en-US' exists, so the 'en' localization will be used.
[2020.03.09-21.51.07:615][  0]LogInit: Setting process to per monitor DPI aware
[2020.03.09-21.51.07:775][  0]LogSlate: New Slate User Created.  User Index 0, Is Virtual User: 0
[2020.03.09-21.51.07:775][  0]LogSlate: Slate User Registered.  User Index 0, Is Virtual User: 0
[2020.03.09-21.51.10:068][  0]LogHMD: Failed to initialize OpenVR with code 110
[2020.03.09-21.51.10:069][  0]LogD3D11RHI: D3D11 adapters:
[2020.03.09-21.51.10:143][  0]LogD3D11RHI:    0. 'NVIDIA GeForce GTX 1070' (Feature Level 11_0)
[2020.03.09-21.51.10:143][  0]LogD3D11RHI:       8081/0/8121 MB DedicatedVideo/DedicatedSystem/SharedSystem, Outputs:1, VendorId:0x10de
[2020.03.09-21.51.10:178][  0]LogD3D11RHI:    1. 'Intel(R) UHD Graphics 630' (Feature Level 11_0)
[2020.03.09-21.51.10:178][  0]LogD3D11RHI:       128/0/8121 MB DedicatedVideo/DedicatedSystem/SharedSystem, Outputs:0, VendorId:0x8086
[2020.03.09-21.51.10:183][  0]LogD3D11RHI:    2. 'Microsoft Basic Render Driver' (Feature Level 11_0)
[2020.03.09-21.51.10:183][  0]LogD3D11RHI:       0/0/8121 MB DedicatedVideo/DedicatedSystem/SharedSystem, Outputs:0, VendorId:0x1414
[2020.03.09-21.51.10:183][  0]LogD3D11RHI: Chosen D3D11 Adapter: 0
[2020.03.09-21.51.10:191][  0]LogD3D11RHI: Creating new Direct3DDevice
[2020.03.09-21.51.10:191][  0]LogD3D11RHI:     GPU DeviceId: 0x1be1 (for the marketing name, search the web for "GPU Device Id")
[2020.03.09-21.51.10:191][  0]LogWindows: EnumDisplayDevices:
[2020.03.09-21.51.10:191][  0]LogWindows:    0. 'NVIDIA GeForce GTX 1070' (P:1 D:1)
[2020.03.09-21.51.10:191][  0]LogWindows:    1. 'NVIDIA GeForce GTX 1070' (P:0 D:0)
[2020.03.09-21.51.10:192][  0]LogWindows:    2. 'NVIDIA GeForce GTX 1070' (P:0 D:0)
[2020.03.09-21.51.10:192][  0]LogWindows:    3. 'NVIDIA GeForce GTX 1070' (P:0 D:0)
[2020.03.09-21.51.10:192][  0]LogWindows:    4. 'Intel(R) UHD Graphics 630' (P:0 D:0)
[2020.03.09-21.51.10:192][  0]LogWindows:    5. 'Intel(R) UHD Graphics 630' (P:0 D:0)
[2020.03.09-21.51.10:192][  0]LogWindows:    6. 'Intel(R) UHD Graphics 630' (P:0 D:0)
[2020.03.09-21.51.10:193][  0]LogWindows: DebugString: PrimaryIsNotTheChoosenAdapter PrimaryIsNotTheChoosenAdapter PrimaryIsNotTheChoosenAdapter FoundDriverCount:4 
[2020.03.09-21.51.10:193][  0]LogD3D11RHI:     Adapter Name: NVIDIA GeForce GTX 1070
[2020.03.09-21.51.10:193][  0]LogD3D11RHI:   Driver Version: 431.53 (internal:26.21.14.3153, unified:431.53)
[2020.03.09-21.51.10:193][  0]LogD3D11RHI:      Driver Date: 7-12-2019
[2020.03.09-21.51.10:193][  0]LogRHI: Texture pool is 5656 MB (70% of 8081 MB)
[2020.03.09-21.51.10:242][  0]LogD3D11RHI: Async texture creation enabled
[2020.03.09-21.51.10:249][  0]LogRendererCore: FGlobalReadBuffer::InitRHI
[2020.03.09-21.51.10:250][  0]LogRendererCore: FGlobalReadBuffer::InitRHI
[2020.03.09-21.51.10:250][  0]LogRendererCore: FGlobalReadBuffer::InitRHI
[2020.03.09-21.51.10:262][  0]LogD3D11RHI: GPU Timing Frequency: 1000.000000 (Debug: 2 1)
[2020.03.09-21.51.11:583][  0]LogTemp: Display: Module 'AllDesktopTargetPlatform' loaded TargetPlatform 'AllDesktop'
[2020.03.09-21.51.11:960][  0]LogTemp: Display: Module 'MacClientTargetPlatform' loaded TargetPlatform 'MacClient'
[2020.03.09-21.51.12:030][  0]LogTemp: Display: Module 'MacNoEditorTargetPlatform' loaded TargetPlatform 'MacNoEditor'
[2020.03.09-21.51.12:054][  0]LogTemp: Display: Module 'MacServerTargetPlatform' loaded TargetPlatform 'MacServer'
[2020.03.09-21.51.12:203][  0]LogTemp: Display: Module 'MacTargetPlatform' loaded TargetPlatform 'Mac'
[2020.03.09-21.51.12:262][  0]LogTemp: Display: Module 'WindowsClientTargetPlatform' loaded TargetPlatform 'WindowsClient'
[2020.03.09-21.51.12:294][  0]LogTemp: Display: Module 'WindowsNoEditorTargetPlatform' loaded TargetPlatform 'WindowsNoEditor'
[2020.03.09-21.51.12:329][  0]LogTemp: Display: Module 'WindowsServerTargetPlatform' loaded TargetPlatform 'WindowsServer'
[2020.03.09-21.51.12:348][  0]LogTemp: Display: Module 'WindowsTargetPlatform' loaded TargetPlatform 'Windows'
[2020.03.09-21.51.12:463][  0]LogTemp: Display: Module 'AndroidTargetPlatform' loaded TargetPlatform 'Android'
[2020.03.09-21.51.12:463][  0]LogTemp: Display: Module 'AndroidTargetPlatform' loaded TargetPlatform 'Android_ASTC'
[2020.03.09-21.51.12:463][  0]LogTemp: Display: Module 'AndroidTargetPlatform' loaded TargetPlatform 'Android_ATC'
[2020.03.09-21.51.12:463][  0]LogTemp: Display: Module 'AndroidTargetPlatform' loaded TargetPlatform 'Android_DXT'
[2020.03.09-21.51.12:463][  0]LogTemp: Display: Module 'AndroidTargetPlatform' loaded TargetPlatform 'Android_ETC1'
[2020.03.09-21.51.12:463][  0]LogTemp: Display: Module 'AndroidTargetPlatform' loaded TargetPlatform 'Android_ETC1a'
[2020.03.09-21.51.12:463][  0]LogTemp: Display: Module 'AndroidTargetPlatform' loaded TargetPlatform 'Android_ETC2'
[2020.03.09-21.51.12:463][  0]LogTemp: Display: Module 'AndroidTargetPlatform' loaded TargetPlatform 'Android_PVRTC'
[2020.03.09-21.51.12:463][  0]LogTemp: Display: Module 'AndroidTargetPlatform' loaded TargetPlatform 'AndroidClient'
[2020.03.09-21.51.12:463][  0]LogTemp: Display: Module 'AndroidTargetPlatform' loaded TargetPlatform 'Android_ASTCClient'
[2020.03.09-21.51.12:463][  0]LogTemp: Display: Module 'AndroidTargetPlatform' loaded TargetPlatform 'Android_ATCClient'
[2020.03.09-21.51.12:463][  0]LogTemp: Display: Module 'AndroidTargetPlatform' loaded TargetPlatform 'Android_DXTClient'
[2020.03.09-21.51.12:463][  0]LogTemp: Display: Module 'AndroidTargetPlatform' loaded TargetPlatform 'Android_ETC1Client'
[2020.03.09-21.51.12:463][  0]LogTemp: Display: Module 'AndroidTargetPlatform' loaded TargetPlatform 'Android_ETC1aClient'
[2020.03.09-21.51.12:463][  0]LogTemp: Display: Module 'AndroidTargetPlatform' loaded TargetPlatform 'Android_ETC2Client'
[2020.03.09-21.51.12:463][  0]LogTemp: Display: Module 'AndroidTargetPlatform' loaded TargetPlatform 'Android_PVRTCClient'
[2020.03.09-21.51.12:463][  0]LogTemp: Display: Module 'AndroidTargetPlatform' loaded TargetPlatform 'Android_Multi'
[2020.03.09-21.51.12:463][  0]LogTemp: Display: Module 'AndroidTargetPlatform' loaded TargetPlatform 'Android_MultiClient'
[2020.03.09-21.51.12:484][  0]LogTemp: Display: Module 'HTML5TargetPlatform' loaded TargetPlatform 'HTML5'
[2020.03.09-21.51.12:623][  0]LogTemp: Display: Module 'IOSTargetPlatform' loaded TargetPlatform 'IOSClient'
[2020.03.09-21.51.12:623][  0]LogTemp: Display: Module 'IOSTargetPlatform' loaded TargetPlatform 'IOS'
[2020.03.09-21.51.12:656][  0]LogTemp: Display: Module 'TVOSTargetPlatform' loaded TargetPlatform 'TVOSClient'
[2020.03.09-21.51.12:656][  0]LogTemp: Display: Module 'TVOSTargetPlatform' loaded TargetPlatform 'TVOS'
[2020.03.09-21.51.12:691][  0]LogTemp: Display: Module 'LinuxClientTargetPlatform' loaded TargetPlatform 'LinuxClient'
[2020.03.09-21.51.12:715][  0]LogTemp: Display: Module 'LinuxNoEditorTargetPlatform' loaded TargetPlatform 'LinuxNoEditor'
[2020.03.09-21.51.12:739][  0]LogTemp: Display: Module 'LinuxServerTargetPlatform' loaded TargetPlatform 'LinuxServer'
[2020.03.09-21.51.12:771][  0]LogTemp: Display: Module 'LinuxTargetPlatform' loaded TargetPlatform 'Linux'
[2020.03.09-21.51.12:831][  0]LogTemp: Display: Module 'LuminTargetPlatform' loaded TargetPlatform 'Lumin'
[2020.03.09-21.51.12:831][  0]LogTemp: Display: Module 'LuminTargetPlatform' loaded TargetPlatform 'LuminClient'
[2020.03.09-21.51.12:831][  0]LogTargetPlatformManager: Display: Building Assets For Windows
[2020.03.09-21.51.12:984][  0]LogAudioDebug: Display: Lib vorbis DLL was dynamically loaded.
[2020.03.09-21.51.13:688][  0]LogShaderCompilers: Guid format shader working directory is 1 characters bigger than the processId version (C:/Users/Abbie/Documents/GitHub/SPARAJJ_World/Intermediate/Shaders/WorkingDirectory/2304/).
[2020.03.09-21.51.13:688][  0]LogShaderCompilers: Cleaned the shader compiler working directory 'C:/Users/Abbie/AppData/Local/Temp/UnrealShaderWorkingDir/DD43EFB341C74E17D841AE8A25006E4A/'.
[2020.03.09-21.51.13:689][  0]LogXGEController: Cleaning working directory: C:/Users/Abbie/AppData/Local/Temp/UnrealXGEWorkingDir/
[2020.03.09-21.51.13:690][  0]LogXGEController: Cannot use XGE Controller as Incredibuild is not installed on this machine.
[2020.03.09-21.51.13:690][  0]LogShaderCompilers: Cannot use XGE Shader Compiler as Incredibuild is not installed on this machine.
[2020.03.09-21.51.13:690][  0]LogShaderCompilers: Display: Using Local Shader Compiler.
[2020.03.09-21.51.16:231][  0]LogDerivedDataCache: Display: Max Cache Size: 512 MB
[2020.03.09-21.51.16:346][  0]LogDerivedDataCache: Loaded boot cache 0.11s 72MB C:/Users/Abbie/AppData/Local/UnrealEngine/4.22/DerivedDataCache/Boot.ddc.
[2020.03.09-21.51.16:346][  0]LogDerivedDataCache: Display: Loaded Boot cache: C:/Users/Abbie/AppData/Local/UnrealEngine/4.22/DerivedDataCache/Boot.ddc
[2020.03.09-21.51.16:346][  0]LogDerivedDataCache: FDerivedDataBackendGraph:  Pak pak cache file C:/Users/Abbie/Documents/GitHub/SPARAJJ_World/DerivedDataCache/DDC.ddp not found, will not use a pak cache.
[2020.03.09-21.51.16:346][  0]LogDerivedDataCache: Unable to find inner node Pak for hierarchical cache Hierarchy.
[2020.03.09-21.51.16:346][  0]LogDerivedDataCache: FDerivedDataBackendGraph:  CompressedPak pak cache file C:/Users/Abbie/Documents/GitHub/SPARAJJ_World/DerivedDataCache/Compressed.ddp not found, will not use a pak cache.
[2020.03.09-21.51.16:346][  0]LogDerivedDataCache: Unable to find inner node CompressedPak for hierarchical cache Hierarchy.
[2020.03.09-21.51.16:390][  0]LogDerivedDataCache: Display: Pak cache opened for reading ../../../Engine/DerivedDataCache/Compressed.ddp.
[2020.03.09-21.51.16:390][  0]LogDerivedDataCache: FDerivedDataBackendGraph:  EnterprisePak pak cache file ../../../Enterprise/DerivedDataCache/Compressed.ddp not found, will not use a pak cache.
[2020.03.09-21.51.16:390][  0]LogDerivedDataCache: Unable to find inner node EnterprisePak for hierarchical cache Hierarchy.
[2020.03.09-21.51.16:404][  0]LogDerivedDataCache: Using Local data cache path C:/Users/Abbie/AppData/Local/UnrealEngine/Common/DerivedDataCache: Writable
[2020.03.09-21.51.16:404][  0]LogDerivedDataCache: Shared data cache path not found in *engine.ini, will not use an Shared cache.
[2020.03.09-21.51.16:404][  0]LogDerivedDataCache: Unable to find inner node Shared for hierarchical cache Hierarchy.
[2020.03.09-21.51.16:424][  0]LogMaterial: Verifying Global Shaders for PCD3D_SM5
[2020.03.09-21.51.16:424][  0]LogSlate: Using FreeType 2.6.0
[2020.03.09-21.51.16:450][  0]LogSlate: SlateFontServices - WITH_FREETYPE: 1, WITH_HARFBUZZ: 1
[2020.03.09-21.51.17:021][  0]LogAssetRegistry: FAssetRegistry took 0.0313 seconds to start up
[2020.03.09-21.51.17:348][  0]LogInit: Selected Device Profile: [Windows]
[2020.03.09-21.51.19:894][  0]LogMeshReduction: Using QuadricMeshReduction for automatic static mesh reduction
[2020.03.09-21.51.19:894][  0]LogMeshReduction: Using SimplygonMeshReduction for automatic skeletal mesh reduction
[2020.03.09-21.51.19:894][  0]LogMeshReduction: Using ProxyLODMeshReduction for automatic mesh merging
[2020.03.09-21.51.19:894][  0]LogMeshReduction: No distributed automatic mesh merging module available
[2020.03.09-21.51.19:894][  0]LogMeshMerging: No distributed automatic mesh merging module available
[2020.03.09-21.51.19:974][  0]LogNetVersion: SPARAJJ_World 1.0.0, NetCL: 5660361, EngineNetVer: 10, GameNetVer: 0 (Checksum: 476471211)
[2020.03.09-21.51.21:490][  0]LogAssetRegistry: Error: Failed to open file for write C:/Users/Abbie/Documents/GitHub/SPARAJJ_World/Intermediate/CachedAssetRegistry.bin
[2020.03.09-21.51.21:490][  0]LogAssetRegistry: Error: Failed to open file for write C:/Users/Abbie/Documents/GitHub/SPARAJJ_World/Intermediate/AssetRegistryCache/2657c409.bin
[2020.03.09-21.51.21:497][  0]LogAssetRegistry: Error: Failed to open file for write C:/Users/Abbie/Documents/GitHub/SPARAJJ_World/Intermediate/AssetRegistryCache/8c0e1344.bin
[2020.03.09-21.51.21:501][  0]LogFileManager: Warning: MoveFile was unable to move 'C:/Users/Abbie/Documents/GitHub/SPARAJJ_World/Intermediate/AssetRegistryCache/6bead350.bin.tmp' to 'C:/Users/Abbie/Documents/GitHub/SPARAJJ_World/Intermediate/AssetRegistryCache/6bead350.bin', retrying in .5s...
[2020.03.09-21.51.22:002][  0]LogFileManager: Warning: MoveFile was unable to move 'C:/Users/Abbie/Documents/GitHub/SPARAJJ_World/Intermediate/AssetRegistryCache/6bead350.bin.tmp' to 'C:/Users/Abbie/Documents/GitHub/SPARAJJ_World/Intermediate/AssetRegistryCache/6bead350.bin', retrying in .5s...
[2020.03.09-21.51.22:503][  0]LogFileManager: Warning: MoveFile was unable to move 'C:/Users/Abbie/Documents/GitHub/SPARAJJ_World/Intermediate/AssetRegistryCache/6bead350.bin.tmp' to 'C:/Users/Abbie/Documents/GitHub/SPARAJJ_World/Intermediate/AssetRegistryCache/6bead350.bin', retrying in .5s...
[2020.03.09-21.51.23:004][  0]LogFileManager: Warning: MoveFile was unable to move 'C:/Users/Abbie/Documents/GitHub/SPARAJJ_World/Intermediate/AssetRegistryCache/6bead350.bin.tmp' to 'C:/Users/Abbie/Documents/GitHub/SPARAJJ_World/Intermediate/AssetRegistryCache/6bead350.bin', retrying in .5s...
[2020.03.09-21.51.23:505][  0]LogFileManager: Warning: MoveFile was unable to move 'C:/Users/Abbie/Documents/GitHub/SPARAJJ_World/Intermediate/AssetRegistryCache/6bead350.bin.tmp' to 'C:/Users/Abbie/Documents/GitHub/SPARAJJ_World/Intermediate/AssetRegistryCache/6bead350.bin', retrying in .5s...
[2020.03.09-21.51.24:005][  0]LogFileManager: Warning: MoveFile was unable to move 'C:/Users/Abbie/Documents/GitHub/SPARAJJ_World/Intermediate/AssetRegistryCache/6bead350.bin.tmp' to 'C:/Users/Abbie/Documents/GitHub/SPARAJJ_World/Intermediate/AssetRegistryCache/6bead350.bin', retrying in .5s...
[2020.03.09-21.51.24:506][  0]LogFileManager: Warning: MoveFile was unable to move 'C:/Users/Abbie/Documents/GitHub/SPARAJJ_World/Intermediate/AssetRegistryCache/6bead350.bin.tmp' to 'C:/Users/Abbie/Documents/GitHub/SPARAJJ_World/Intermediate/AssetRegistryCache/6bead350.bin', retrying in .5s...
[2020.03.09-21.51.25:006][  0]LogFileManager: Warning: MoveFile was unable to move 'C:/Users/Abbie/Documents/GitHub/SPARAJJ_World/Intermediate/AssetRegistryCache/6bead350.bin.tmp' to 'C:/Users/Abbie/Documents/GitHub/SPARAJJ_World/Intermediate/AssetRegistryCache/6bead350.bin', retrying in .5s...
[2020.03.09-21.51.25:507][  0]LogFileManager: Warning: MoveFile was unable to move 'C:/Users/Abbie/Documents/GitHub/SPARAJJ_World/Intermediate/AssetRegistryCache/6bead350.bin.tmp' to 'C:/Users/Abbie/Documents/GitHub/SPARAJJ_World/Intermediate/AssetRegistryCache/6bead350.bin', retrying in .5s...
[2020.03.09-21.51.26:007][  0]LogFileManager: Warning: MoveFile was unable to move 'C:/Users/Abbie/Documents/GitHub/SPARAJJ_World/Intermediate/AssetRegistryCache/6bead350.bin.tmp' to 'C:/Users/Abbie/Documents/GitHub/SPARAJJ_World/Intermediate/AssetRegistryCache/6bead350.bin', retrying in .5s...
[2020.03.09-21.51.26:508][  0]LogFileManager: Error: Error moving file 'C:/Users/Abbie/Documents/GitHub/SPARAJJ_World/Intermediate/AssetRegistryCache/6bead350.bin.tmp' to 'C:/Users/Abbie/Documents/GitHub/SPARAJJ_World/Intermediate/AssetRegistryCache/6bead350.bin'.
[2020.03.09-21.51.26:535][  0]LogPackageLocalizationCache: Processed 11 localized package path(s) for 1 prioritized culture(s) in 5.050139 seconds
[2020.03.09-21.51.26:540][  0]LogUObjectArray: 42205 objects as part of root set at end of initial load.
[2020.03.09-21.51.26:540][  0]LogUObjectAllocator: 7325032 out of 0 bytes used by permanent object pool.
[2020.03.09-21.51.26:540][  0]LogUObjectArray: CloseDisregardForGC: 0/0 objects in disregard for GC pool
[2020.03.09-21.51.28:725][  0]LogTcpMessaging: Initializing TcpMessaging bridge
[2020.03.09-21.51.28:783][  0]LogUdpMessaging: Initializing bridge on interface 0.0.0.0:0 to multicast group 230.0.0.1:6666.
[2020.03.09-21.51.28:961][  0]LogTemp: IOS device listing is disabled (to many failed attempts)!
[2020.03.09-21.51.29:499][  0]SourceControl: Source control is disabled
[2020.03.09-21.51.31:660][  0]LogVSAccessor: Display: Unable to create Visual Studio setup instance: 80040154
[2020.03.09-21.51.31:661][  0]LogVSAccessor: Display: Unable to create Visual Studio setup instance: 80040154
[2020.03.09-21.51.32:976][  0]LogAndroidPermission: UAndroidPermissionCallbackProxy::GetInstance
[2020.03.09-21.51.34:624][  0]LogOcInput: OculusInput pre-init called
[2020.03.09-21.51.36:039][  0]LogSceneFusion: [INFO;SceneFusion] Scene Fusion Client: 2.1.1
[2020.03.09-21.51.36:039][  0]LogSceneFusion: [INFO;Root] C:/Users/Abbie/AppData/Local/UnrealEngine/4.22/Saved/
[2020.03.09-21.51.36:120][  0]LogLinker: Warning: Asset 'C:/Users/Abbie/Documents/GitHub/SPARAJJ_World/Plugins/SceneFusion/Content/CameraModels/Material.uasset' has been saved with empty engine version. The asset will be loaded but may be incompatible.
[2020.03.09-21.51.36:131][  0]LogLinker: Warning: Asset 'C:/Users/Abbie/Documents/GitHub/SPARAJJ_World/Plugins/SceneFusion/Content/CameraModels/camera.uasset' has been saved with empty engine version. The asset will be loaded but may be incompatible.
[2020.03.09-21.51.36:140][  0]LogLinker: Warning: Asset 'C:/Users/Abbie/Documents/GitHub/SPARAJJ_World/Plugins/SceneFusion/Content/CameraModels/head.uasset' has been saved with empty engine version. The asset will be loaded but may be incompatible.
[2020.03.09-21.51.36:148][  0]LogLinker: Warning: Asset 'C:/Users/Abbie/Documents/GitHub/SPARAJJ_World/Plugins/SceneFusion/Content/CameraModels/hmd.uasset' has been saved with empty engine version. The asset will be loaded but may be incompatible.
[2020.03.09-21.51.36:156][  0]LogLinker: Warning: Asset 'C:/Users/Abbie/Documents/GitHub/SPARAJJ_World/Plugins/SceneFusion/Content/CameraModels/body.uasset' has been saved with empty engine version. The asset will be loaded but may be incompatible.
[2020.03.09-21.51.36:164][  0]LogLinker: Warning: Asset 'C:/Users/Abbie/Documents/GitHub/SPARAJJ_World/Plugins/SceneFusion/Content/CameraModels/oculus_l.uasset' has been saved with empty engine version. The asset will be loaded but may be incompatible.
[2020.03.09-21.51.36:173][  0]LogLinker: Warning: Asset 'C:/Users/Abbie/Documents/GitHub/SPARAJJ_World/Plugins/SceneFusion/Content/CameraModels/oculus_r.uasset' has been saved with empty engine version. The asset will be loaded but may be incompatible.
[2020.03.09-21.51.36:181][  0]LogLinker: Warning: Asset 'C:/Users/Abbie/Documents/GitHub/SPARAJJ_World/Plugins/SceneFusion/Content/CameraModels/vive_low_poly.uasset' has been saved with empty engine version. The asset will be loaded but may be incompatible.
[2020.03.09-21.51.36:190][  0]LogLinker: Warning: Asset 'C:/Users/Abbie/Documents/GitHub/SPARAJJ_World/Plugins/SceneFusion/Content/DecalMaterial.uasset' has been saved with empty engine version. The asset will be loaded but may be incompatible.
[2020.03.09-21.51.36:201][  0]LogLinker: Warning: Asset 'C:/Users/Abbie/Documents/GitHub/SPARAJJ_World/Plugins/SceneFusion/Content/StandIns/QuestionMaterial.uasset' has been saved with empty engine version. The asset will be loaded but may be incompatible.
[2020.03.09-21.51.36:224][  0]LogLinker: Warning: Asset 'C:/Users/Abbie/Documents/GitHub/SPARAJJ_World/Plugins/SceneFusion/Content/StandIns/QuestionMask.uasset' has been saved with empty engine version. The asset will be loaded but may be incompatible.
[2020.03.09-21.51.36:277][  0]LogSceneFusion: [INFO;sfUI] Scene Fusion intializing UI.
[2020.03.09-21.51.37:167][  0]LogEngine: Initializing Engine...
[2020.03.09-21.51.37:168][  0]LogHMD: Failed to initialize OpenVR with code 110
[2020.03.09-21.51.37:169][  0]LogStats: UGameplayTagsManager::InitializeManager -  0.000 s
[2020.03.09-21.51.37:807][  0]LogInit: Initializing FReadOnlyCVARCache
[2020.03.09-21.51.37:871][  0]LogAIModule: Creating AISystem for world Untitled
[2020.03.09-21.51.37:894][  0]LogInit: XAudio2 using 'Speakers/Headphones (Realtek(R) Audio)' : 6 channels at 48 kHz using 32 bits per sample (channel mask 0x3f)
[2020.03.09-21.51.38:257][  0]LogInit: FAudioDevice initialized.
[2020.03.09-21.51.38:257][  0]LogNetVersion: Set ProjectVersion to 1.0.0.0. Version Checksum will be recalculated on next use.
[2020.03.09-21.51.38:412][  0]LogDerivedDataCache: Error: Could not save memory cache C:/Users/Abbie/AppData/Local/UnrealEngine/4.22/DerivedDataCache/Boot.ddc.
[2020.03.09-21.51.38:418][  0]LogInit: Texture streaming: Enabled
[2020.03.09-21.51.38:704][  0]LogEngineSessionManager: EngineSessionManager initialized
[2020.03.09-21.51.38:778][  0]LogInit: Transaction tracking system initialized
[2020.03.09-21.51.38:962][  0]BlueprintLog: New page: Editor Load
[2020.03.09-21.51.40:086][  0]LocalizationService: Localization service is disabled
[2020.03.09-21.51.41:300][  0]LogVSAccessor: Display: Unable to create Visual Studio setup instance: 80040154
[2020.03.09-21.51.41:301][  0]LogVSAccessor: Display: Unable to create Visual Studio setup instance: 80040154
[2020.03.09-21.51.42:333][  0]LogFileCache: Scanning file cache for directory 'C:/Users/Abbie/Documents/GitHub/SPARAJJ_World/Content/' took 0.02s
[2020.03.09-21.51.42:333][  0]LogCook: Display: Max memory allowance for cook 16384mb min free memory 0mb
[2020.03.09-21.51.42:333][  0]LogCook: Display: Mobile HDR setting 1
[2020.03.09-21.51.44:218][  0]Cmd: MAP LOAD FILE="C:/Users/Abbie/Documents/GitHub/SPARAJJ_World/Content/ThirdPersonBP/Maps/ThirdPersonExampleMap.umap" TEMPLATE=0 SHOWPROGRESS=1 FEATURELEVEL=3
[2020.03.09-21.51.44:218][  0]LogEditorServer: Warning: Can't find file 'C:/Users/Abbie/Documents/GitHub/SPARAJJ_World/Content/ThirdPersonBP/Maps/ThirdPersonExampleMap.umap'
[2020.03.09-21.51.44:218][  0]Cmd: MAP CHECKDEP NOCLEARLOG
[2020.03.09-21.51.44:218][  0]MapCheck: Map check complete: 0 Error(s), 0 Warning(s), took 0.124ms to complete.
[2020.03.09-21.51.44:218][  0]LogFileHelpers: Loading map 'ThirdPersonExampleMap' took 0.000
[2020.03.09-21.51.44:558][  0]LogSlate: Updating window title bar state: overlay mode, drag disabled, window buttons hidden, title bar hidden
[2020.03.09-21.51.44:569][  0]LogSlate: Updating window title bar state: overlay mode, drag disabled, window buttons hidden, title bar hidden
[2020.03.09-21.51.44:579][  0]LogSlate: Updating window title bar state: overlay mode, drag disabled, window buttons hidden, title bar hidden
[2020.03.09-21.51.44:587][  0]LogSlate: Updating window title bar state: overlay mode, drag disabled, window buttons hidden, title bar hidden
[2020.03.09-21.51.44:633][  0]LogCollectionManager: Loaded 0 collections in 0.002197 seconds
[2020.03.09-21.51.44:648][  0]LogFileCache: Scanning file cache for directory 'C:/Users/Abbie/Documents/GitHub/SPARAJJ_World/Saved/Collections/' took 0.01s
[2020.03.09-21.51.44:648][  0]LogFileCache: Scanning file cache for directory 'C:/Users/Abbie/Documents/GitHub/SPARAJJ_World/Content/Developers/Abbie/Collections/' took 0.00s
[2020.03.09-21.51.44:648][  0]LogFileCache: Scanning file cache for directory 'C:/Users/Abbie/Documents/GitHub/SPARAJJ_World/Content/Collections/' took 0.00s
[2020.03.09-21.51.44:648][  0]LogCollectionManager: Rebuilt the GUID cache for 0 collections in 0.000000 seconds
[2020.03.09-21.51.44:657][  0]LogContentBrowser: Native class hierarchy populated in 0.0081 seconds. Added 2744 classes and 665 folders.
[2020.03.09-21.51.44:661][  0]LogContentBrowser: Native class hierarchy updated for 'WidgetCarousel' in 0.0002 seconds. Added 0 classes and 0 folders.
[2020.03.09-21.51.44:696][  0]LogPakFile: Registered encryption key '00000000000000000000000000000000': 0 pak files mounted, 0 remain pending
[2020.03.09-21.51.44:717][  0]LogPakFile: Registered encryption key '00000000000000000000000000000000': 0 pak files mounted, 0 remain pending
[2020.03.09-21.51.44:735][  0]LogPakFile: Registered encryption key '00000000000000000000000000000000': 0 pak files mounted, 0 remain pending
[2020.03.09-21.51.44:752][  0]LogPakFile: Registered encryption key '00000000000000000000000000000000': 0 pak files mounted, 0 remain pending
[2020.03.09-21.51.44:763][  0]LogPakFile: Registered encryption key '00000000000000000000000000000000': 0 pak files mounted, 0 remain pending
[2020.03.09-21.51.44:778][  0]LogPakFile: Registered encryption key '00000000000000000000000000000000': 0 pak files mounted, 0 remain pending
[2020.03.09-21.51.44:792][  0]LogPakFile: Registered encryption key '00000000000000000000000000000000': 0 pak files mounted, 0 remain pending
[2020.03.09-21.51.44:806][  0]LogPakFile: Registered encryption key '00000000000000000000000000000000': 0 pak files mounted, 0 remain pending
[2020.03.09-21.51.44:813][  0]LogPakFile: Registered encryption key '00000000000000000000000000000000': 0 pak files mounted, 0 remain pending
[2020.03.09-21.51.44:834][  0]LogPakFile: Registered encryption key '00000000000000000000000000000000': 0 pak files mounted, 0 remain pending
[2020.03.09-21.51.44:845][  0]LogPakFile: Registered encryption key '00000000000000000000000000000000': 0 pak files mounted, 0 remain pending
[2020.03.09-21.51.44:856][  0]LogPakFile: Registered encryption key '00000000000000000000000000000000': 0 pak files mounted, 0 remain pending
[2020.03.09-21.51.44:876][  0]LogPakFile: Registered encryption key '00000000000000000000000000000000': 0 pak files mounted, 0 remain pending
[2020.03.09-21.51.44:887][  0]LogPakFile: Registered encryption key '00000000000000000000000000000000': 0 pak files mounted, 0 remain pending
[2020.03.09-21.51.44:902][  0]LogPakFile: Registered encryption key '00000000000000000000000000000000': 0 pak files mounted, 0 remain pending
[2020.03.09-21.51.44:916][  0]LogPakFile: Registered encryption key '00000000000000000000000000000000': 0 pak files mounted, 0 remain pending
[2020.03.09-21.51.44:957][  0]LogPakFile: Registered encryption key '00000000000000000000000000000000': 0 pak files mounted, 0 remain pending
[2020.03.09-21.51.44:979][  0]LogPakFile: Registered encryption key '00000000000000000000000000000000': 0 pak files mounted, 0 remain pending
[2020.03.09-21.51.45:000][  0]LogPakFile: Registered encryption key '00000000000000000000000000000000': 0 pak files mounted, 0 remain pending
[2020.03.09-21.51.45:026][  0]LogPakFile: Registered encryption key '00000000000000000000000000000000': 0 pak files mounted, 0 remain pending
[2020.03.09-21.51.45:046][  0]LogPakFile: Registered encryption key '00000000000000000000000000000000': 0 pak files mounted, 0 remain pending
[2020.03.09-21.51.45:064][  0]LogPakFile: Registered encryption key '00000000000000000000000000000000': 0 pak files mounted, 0 remain pending
[2020.03.09-21.51.45:069][  0]LogPakFile: Registered encryption key '00000000000000000000000000000000': 0 pak files mounted, 0 remain pending
[2020.03.09-21.51.45:082][  0]LogPakFile: Registered encryption key '00000000000000000000000000000000': 0 pak files mounted, 0 remain pending
[2020.03.09-21.51.45:095][  0]LogPakFile: Registered encryption key '00000000000000000000000000000000': 0 pak files mounted, 0 remain pending
[2020.03.09-21.51.45:108][  0]LogPakFile: Registered encryption key '00000000000000000000000000000000': 0 pak files mounted, 0 remain pending
[2020.03.09-21.51.45:676][  0]LogContentBrowser: Native class hierarchy updated for 'AddContentDialog' in 0.0002 seconds. Added 0 classes and 0 folders.
[2020.03.09-21.51.45:728][  0]LogContentBrowser: Native class hierarchy updated for 'SceneOutliner' in 0.0002 seconds. Added 1 classes and 2 folders.
[2020.03.09-21.51.45:785][  0]LogSlate: Took 0.013628 seconds to synchronously load lazily loaded font '../../../Engine/Content/Slate/Fonts/Roboto-Regular.ttf' (155K)
[2020.03.09-21.51.45:804][  0]LogSlate: Took 0.018064 seconds to synchronously load lazily loaded font '../../../Engine/Content/Slate/Fonts/Roboto-Bold.ttf' (160K)
[2020.03.09-21.51.45:826][  0]LogSlate: Took 0.017956 seconds to synchronously load lazily loaded font '../../../Engine/Content/Editor/Slate/Fonts/FontAwesome.ttf' (139K)
[2020.03.09-21.51.46:042][  0]LogRenderer: Reallocating scene render targets to support 1168x688 Format 10 NumSamples 1 (Frame:1).
[2020.03.09-21.51.46:259][  0]LogContentBrowser: Native class hierarchy updated for 'HierarchicalLODOutliner' in 0.0002 seconds. Added 0 classes and 0 folders.
[2020.03.09-21.51.46:259][  0]LogLoad: (Engine Initialization) Total time: 53.36 seconds
[2020.03.09-21.51.46:259][  0]LogLoad: (Engine Initialization) Total Blueprint compile time: 0.00 seconds
[2020.03.09-21.51.46:299][  0]LogAssetRegistry: Asset discovery search completed in 29.3003 seconds
[2020.03.09-21.51.46:302][  0]LogCollectionManager: Rebuilt the object cache for 0 collections in 0.000000 seconds (found 0 objects)
[2020.03.09-21.51.46:302][  0]LogCollectionManager: Fixed up redirectors for 0 collections in 0.000053 seconds (updated 0 objects)
[2020.03.09-21.51.46:304][  0]LogContentStreaming: Texture pool size now 1000 MB
[2020.03.09-21.51.46:340][  0]LogSlate: Took 0.014343 seconds to synchronously load lazily loaded font '../../../Engine/Content/Slate/Fonts/Roboto-Light.ttf' (167K)
[2020.03.09-22.03.21:523][252]LogSlate: FSceneViewport::OnFocusLost() reason 0
[2020.03.09-22.03.21:648][264]LogUObjectHash: Compacting FUObjectHashTables data took   1.47ms
[2020.03.09-22.03.21:705][264]LogSlate: Window 'SPARAJJ_World - Unreal Editor' being destroyed
[2020.03.09-22.03.21:866][265]Cmd: QUIT_EDITOR
[2020.03.09-22.03.21:886][265]LogWindowsTextInputMethodSystem: Display: IME system now deactivated.
[2020.03.09-22.03.21:893][265]LogExit: Preparing to exit.
[2020.03.09-22.03.22:182][265]LogExit: Editor shut down
[2020.03.09-22.03.22:182][265]LogExit: Transaction tracking system shut down
[2020.03.09-22.03.22:351][265]LogExit: Object subsystem successfully closed.
[2020.03.09-22.03.22:365][265]LogShaderCompilers: Display: Shaders left to compile 0
[2020.03.09-22.03.22:367][265]LogD3D11RHI: Shutdown
[2020.03.09-22.03.22:367][265]LogD3D11RHI: CleanupD3DDevice
[2020.03.09-22.03.22:368][265]LogRendererCore: FGlobalReadBuffer::ReleaseRHI
[2020.03.09-22.03.22:368][265]LogRendererCore: FGlobalDynamicReadBuffer::Cleanup()
[2020.03.09-22.03.22:368][265]LogRendererCore: FGlobalReadBuffer::ReleaseRHI
[2020.03.09-22.03.22:368][265]LogRendererCore: FGlobalDynamicReadBuffer::Cleanup()
[2020.03.09-22.03.22:368][265]LogRendererCore: FGlobalReadBuffer::ReleaseRHI
[2020.03.09-22.03.22:368][265]LogRendererCore: FGlobalDynamicReadBuffer::Cleanup()
[2020.03.09-22.03.22:406][265]LogD3D11RHI: ~FD3D11DynamicRHI
[2020.03.09-22.03.22:414][265]LogModuleManager: Shutting down and abandoning module HierarchicalLODOutliner (642)
[2020.03.09-22.03.22:414][265]LogModuleManager: Shutting down and abandoning module SceneOutliner (640)
[2020.03.09-22.03.22:414][265]LogModuleManager: Shutting down and abandoning module AddContentDialog (638)
[2020.03.09-22.03.22:414][265]LogModuleManager: Shutting down and abandoning module WidgetCarousel (637)
[2020.03.09-22.03.22:414][265]LogModuleManager: Shutting down and abandoning module EditorWidgets (634)
[2020.03.09-22.03.22:414][265]LogModuleManager: Shutting down and abandoning module CollectionManager (632)
[2020.03.09-22.03.22:414][265]LogModuleManager: Shutting down and abandoning module FoliageEdit (630)
[2020.03.09-22.03.22:414][265]LogModuleManager: Shutting down and abandoning module LandscapeEditor (628)
[2020.03.09-22.03.22:414][265]LogModuleManager: Shutting down and abandoning module MeshPaintMode (626)
[2020.03.09-22.03.22:414][265]LogModuleManager: Shutting down and abandoning module SceneDepthPickerMode (624)
[2020.03.09-22.03.22:414][265]LogModuleManager: Shutting down and abandoning module ActorPickerMode (622)
[2020.03.09-22.03.22:414][265]LogModuleManager: Shutting down and abandoning module GeometryMode (620)
[2020.03.09-22.03.22:414][265]LogModuleManager: Shutting down and abandoning module TextureAlignMode (618)
[2020.03.09-22.03.22:414][265]LogModuleManager: Shutting down and abandoning module BspMode (616)
[2020.03.09-22.03.22:414][265]LogModuleManager: Shutting down and abandoning module PIEPreviewDeviceProfileSelector (614)
[2020.03.09-22.03.22:415][265]LogModuleManager: Shutting down and abandoning module SequenceRecorderSections (612)
[2020.03.09-22.03.22:415][265]LogModuleManager: Shutting down and abandoning module AutomationWorker (610)
[2020.03.09-22.03.22:415][265]LogModuleManager: Shutting down and abandoning module OculusMR (608)
[2020.03.09-22.03.22:415][265]LogModuleManager: Shutting down and abandoning module AudioCaptureEditor (606)
[2020.03.09-22.03.22:415][265]LogModuleManager: Shutting down and abandoning module MatineeToLevelSequence (604)
[2020.03.09-22.03.22:415][265]LogModuleManager: Shutting down and abandoning module LevelSequenceEditor (602)
[2020.03.09-22.03.22:415][265]LogModuleManager: Shutting down and abandoning module PlacementMode (601)
[2020.03.09-22.03.22:415][265]LogModuleManager: Shutting down and abandoning module MaterialEditor (600)
[2020.03.09-22.03.22:415][265]LogModuleManager: Shutting down and abandoning module ActorSequenceEditor (596)
[2020.03.09-22.03.22:415][265]LogModuleManager: Shutting down and abandoning module WmfMediaFactory (594)
[2020.03.09-22.03.22:415][265]LogModuleManager: Shutting down and abandoning module WmfMediaEditor (592)
[2020.03.09-22.03.22:415][265]LogModuleManager: Shutting down and abandoning module WebMMediaFactory (590)
[2020.03.09-22.03.22:415][265]LogModuleManager: Shutting down and abandoning module WebMMediaEditor (588)
[2020.03.09-22.03.22:415][265]LogModuleManager: Shutting down and abandoning module WebMMedia (586)
[2020.03.09-22.03.22:415][265]LogModuleManager: Shutting down and abandoning module MediaPlayerEditor (584)
[2020.03.09-22.03.22:415][265]LogModuleManager: Shutting down and abandoning module MediaCompositingEditor (582)
[2020.03.09-22.03.22:415][265]LogModuleManager: Shutting down and abandoning module SequenceRecorder (581)
[2020.03.09-22.03.22:415][265]LogModuleManager: Shutting down and abandoning module OpenExrWrapper (578)
[2020.03.09-22.03.22:415][265]LogModuleManager: Shutting down and abandoning module ImgMediaFactory (576)
[2020.03.09-22.03.22:415][265]LogModuleManager: Shutting down and abandoning module ImgMediaEditor (574)
[2020.03.09-22.03.22:415][265]LogModuleManager: Shutting down and abandoning module AvfMediaFactory (572)
[2020.03.09-22.03.22:415][265]LogModuleManager: Shutting down and abandoning module AvfMediaEditor (570)
[2020.03.09-22.03.22:415][265]LogModuleManager: Shutting down and abandoning module AndroidMediaFactory (568)
[2020.03.09-22.03.22:415][265]LogModuleManager: Shutting down and abandoning module AndroidMediaEditor (566)
[2020.03.09-22.03.22:415][265]LogModuleManager: Shutting down and abandoning module MagicLeapCameraPreviewFactory (564)
[2020.03.09-22.03.22:415][265]LogModuleManager: Shutting down and abandoning module MagicLeapMediaCodecFactory (562)
[2020.03.09-22.03.22:415][265]LogModuleManager: Shutting down and abandoning module MagicLeapMediaFactory (560)
[2020.03.09-22.03.22:415][265]LogModuleManager: Shutting down and abandoning module MagicLeapMediaEditor (558)
[2020.03.09-22.03.22:415][265]LogModuleManager: Shutting down and abandoning module CharacterAI (556)
[2020.03.09-22.03.22:415][265]LogModuleManager: Shutting down and abandoning module SmartSnapping (554)
[2020.03.09-22.03.22:415][265]LogModuleManager: Shutting down and abandoning module SessionServices (552)
[2020.03.09-22.03.22:415][265]LogModuleManager: Shutting down and abandoning module MeshPaint (550)
[2020.03.09-22.03.22:415][265]LogModuleManager: Shutting down and abandoning module ViewportSnapping (548)
[2020.03.09-22.03.22:415][265]LogModuleManager: Shutting down and abandoning module ViewportInteraction (546)
[2020.03.09-22.03.22:415][265]LogModuleManager: Shutting down and abandoning module ClothPainter (544)
[2020.03.09-22.03.22:415][265]LogModuleManager: Shutting down and abandoning module SkeletalMeshEditor (543)
[2020.03.09-22.03.22:415][265]LogModuleManager: Shutting down and abandoning module LogVisualizer (540)
[2020.03.09-22.03.22:415][265]LogModuleManager: Shutting down and abandoning module IntroTutorials (538)
[2020.03.09-22.03.22:415][265]LogModuleManager: Shutting down and abandoning module GameProjectGeneration (537)
[2020.03.09-22.03.22:415][265]LogModuleManager: Shutting down and abandoning module LuminPlatformEditor (534)
[2020.03.09-22.03.22:415][265]LogModuleManager: Shutting down and abandoning module IOSPlatformEditor (532)
[2020.03.09-22.03.22:415][265]LogModuleManager: Shutting down and abandoning module HTML5PlatformEditor (530)
[2020.03.09-22.03.22:415][265]LogModuleManager: Shutting down and abandoning module AndroidPlatformEditor (528)
[2020.03.09-22.03.22:415][265]LogModuleManager: Shutting down and abandoning module AndroidDeviceDetection (527)
[2020.03.09-22.03.22:911][265]LogModuleManager: Shutting down and abandoning module WindowsPlatformEditor (524)
[2020.03.09-22.03.22:911][265]LogModuleManager: Shutting down and abandoning module LuminRuntimeSettings (522)
[2020.03.09-22.03.22:911][265]LogModuleManager: Shutting down and abandoning module IOSRuntimeSettings (520)
[2020.03.09-22.03.22:911][265]LogModuleManager: Shutting down and abandoning module AndroidRuntimeSettings (518)
[2020.03.09-22.03.22:911][265]LogModuleManager: Shutting down and abandoning module TimeManagementEditor (516)
[2020.03.09-22.03.22:911][265]LogModuleManager: Shutting down and abandoning module InputBindingEditor (514)
[2020.03.09-22.03.22:911][265]LogModuleManager: Shutting down and abandoning module MergeActors (512)
[2020.03.09-22.03.22:911][265]LogModuleManager: Shutting down and abandoning module LocalizationDashboard (510)
[2020.03.09-22.03.22:911][265]LogModuleManager: Shutting down and abandoning module LocalizationService (509)
[2020.03.09-22.03.22:911][265]LogModuleManager: Shutting down and abandoning module HardwareTargeting (506)
[2020.03.09-22.03.22:911][265]LogModuleManager: Shutting down and abandoning module DeviceProfileEditor (504)
[2020.03.09-22.03.22:911][265]LogModuleManager: Shutting down and abandoning module UndoHistory (502)
[2020.03.09-22.03.22:911][265]LogModuleManager: Shutting down and abandoning module XmlParser (500)
[2020.03.09-22.03.22:911][265]LogModuleManager: Shutting down and abandoning module Blutility (498)
[2020.03.09-22.03.22:911][265]LogModuleManager: Shutting down and abandoning module ProjectSettingsViewer (496)
[2020.03.09-22.03.22:911][265]LogModuleManager: Shutting down and abandoning module ProjectTargetPlatformEditor (495)
[2020.03.09-22.03.22:912][265]LogModuleManager: Shutting down and abandoning module EditorSettingsViewer (492)
[2020.03.09-22.03.22:912][265]LogModuleManager: Shutting down and abandoning module SettingsEditor (490)
[2020.03.09-22.03.22:912][265]LogModuleManager: Shutting down and abandoning module ProjectLauncher (488)
[2020.03.09-22.03.22:912][265]LogModuleManager: Shutting down and abandoning module SessionFrontend (486)
[2020.03.09-22.03.22:912][265]LogModuleManager: Shutting down and abandoning module ProfilerClient (484)
[2020.03.09-22.03.22:912][265]LogModuleManager: Shutting down and abandoning module DeviceManager (482)
[2020.03.09-22.03.22:912][265]LogModuleManager: Shutting down and abandoning module TargetDeviceServices (481)
[2020.03.09-22.03.22:956][265]LogModuleManager: Shutting down and abandoning module AutomationController (478)
[2020.03.09-22.03.22:956][265]LogModuleManager: Shutting down and abandoning module AutomationWindow (476)
[2020.03.09-22.03.22:956][265]LogModuleManager: Shutting down and abandoning module Layers (474)
[2020.03.09-22.03.22:956][265]LogModuleManager: Shutting down and abandoning module ComponentVisualizers (472)
[2020.03.09-22.03.22:956][265]LogModuleManager: Shutting down and abandoning module DetailCustomizations (470)
[2020.03.09-22.03.22:956][265]LogModuleManager: Shutting down and abandoning module PackagesDialog (468)
[2020.03.09-22.03.22:956][265]LogModuleManager: Shutting down and abandoning module AnimationBlueprintEditor (466)
[2020.03.09-22.03.22:956][265]LogModuleManager: Shutting down and abandoning module Persona (464)
[2020.03.09-22.03.22:956][265]LogModuleManager: Shutting down and abandoning module AdvancedPreviewScene (463)
[2020.03.09-22.03.22:956][265]LogModuleManager: Shutting down and abandoning module AnimGraph (461)
[2020.03.09-22.03.22:956][265]LogModuleManager: Shutting down and abandoning module Kismet (458)
[2020.03.09-22.03.22:956][265]LogModuleManager: Shutting down and abandoning module GraphEditor (456)
[2020.03.09-22.03.22:956][265]LogModuleManager: Shutting down and abandoning module ClassViewer (454)
[2020.03.09-22.03.22:956][265]LogModuleManager: Shutting down and abandoning module Toolbox (452)
[2020.03.09-22.03.22:956][265]LogModuleManager: Shutting down and abandoning module ModuleUI (450)
[2020.03.09-22.03.22:956][265]LogModuleManager: Shutting down and abandoning module MovieSceneTools (448)
[2020.03.09-22.03.22:956][265]LogModuleManager: Shutting down and abandoning module OutputLog (446)
[2020.03.09-22.03.22:956][265]LogModuleManager: Shutting down and abandoning module GammaUI (444)
[2020.03.09-22.03.22:956][265]LogModuleManager: Shutting down and abandoning module Documentation (442)
[2020.03.09-22.03.22:956][265]LogModuleManager: Shutting down and abandoning module LiveCoding (440)
[2020.03.09-22.03.22:957][265]LogModuleManager: Shutting down and abandoning module LevelSequence (438)
[2020.03.09-22.03.22:957][265]LogModuleManager: Shutting down and abandoning module MovieSceneTracks (436)
[2020.03.09-22.03.22:957][265]LogModuleManager: Shutting down and abandoning module MovieScene (434)
[2020.03.09-22.03.22:957][265]LogModuleManager: Shutting down and abandoning module StreamingPauseRendering (432)
[2020.03.09-22.03.22:957][265]LogModuleManager: Shutting down and abandoning module LauncherPlatform (430)
[2020.03.09-22.03.22:957][265]LogModuleManager: Shutting down and abandoning module AnalyticsET (428)
[2020.03.09-22.03.22:957][265]LogModuleManager: Shutting down and abandoning module PortalServices (426)
[2020.03.09-22.03.22:957][265]LogModuleManager: Shutting down and abandoning module PortalRpc (424)
[2020.03.09-22.03.22:957][265]LogModuleManager: Shutting down and abandoning module MessagingRpc (422)
[2020.03.09-22.03.22:957][265]LogModuleManager: Shutting down and abandoning module AIModule (420)
[2020.03.09-22.03.22:957][265]LogModuleManager: Shutting down and abandoning module GameplayDebugger (419)
[2020.03.09-22.03.22:957][265]LogModuleManager: Shutting down and abandoning module AITestSuite (417)
[2020.03.09-22.03.22:957][265]LogModuleManager: Shutting down and abandoning module NavigationSystem (415)
[2020.03.09-22.03.22:957][265]LogModuleManager: Shutting down and abandoning module DesktopPlatform (412)
[2020.03.09-22.03.22:957][265]LogModuleManager: Shutting down and abandoning module ImageWriteQueue (410)
[2020.03.09-22.03.22:960][265]LogModuleManager: Shutting down and abandoning module ProfilerService (408)
[2020.03.09-22.03.23:159][265]LogModuleManager: Shutting down and abandoning module TaskGraph (406)
[2020.03.09-22.03.23:159][265]LogModuleManager: Shutting down and abandoning module SceneFusion (404)
[2020.03.09-22.03.23:159][265]LogSceneFusion: [INFO;SceneFusion] Scene Fusion shut down module.
[2020.03.09-22.03.23:159][265]LogSceneFusion: [INFO;sfUI] Scene Fusion cleanup UI.
[2020.03.09-22.03.23:637][265]LogModuleManager: Shutting down and abandoning module SteamVRController (402)
[2020.03.09-22.03.23:637][265]LogModuleManager: Shutting down and abandoning module ProceduralMeshComponentEditor (400)
[2020.03.09-22.03.23:637][265]LogModuleManager: Shutting down and abandoning module ProceduralMeshComponent (398)
[2020.03.09-22.03.23:638][265]LogModuleManager: Shutting down and abandoning module OculusEditor (396)
[2020.03.09-22.03.23:638][265]LogModuleManager: Shutting down and abandoning module OculusInput (394)
[2020.03.09-22.03.23:638][265]LogModuleManager: Shutting down and abandoning module MobilePatchingUtils (392)
[2020.03.09-22.03.23:638][265]LogModuleManager: Shutting down and abandoning module EditableMesh (390)
[2020.03.09-22.03.23:638][265]LogModuleManager: Shutting down and abandoning module CustomMeshComponent (388)
[2020.03.09-22.03.23:638][265]LogModuleManager: Shutting down and abandoning module CableComponent (386)
[2020.03.09-22.03.23:638][265]LogModuleManager: Shutting down and abandoning module AudioCapture (384)
[2020.03.09-22.03.23:638][265]LogModuleManager: Shutting down and abandoning module ArchVisCharacter (382)
[2020.03.09-22.03.23:638][265]LogModuleManager: Shutting down and abandoning module AndroidPermission (380)
[2020.03.09-22.03.23:638][265]LogModuleManager: Shutting down and abandoning module NUTUnrealEngine4 (378)
[2020.03.09-22.03.23:638][265]LogModuleManager: Shutting down and abandoning module NetcodeUnitTest (376)
[2020.03.09-22.03.23:638][265]LogModuleManager: Shutting down and abandoning module MediaCompositing (374)
[2020.03.09-22.03.23:638][265]LogModuleManager: Shutting down and abandoning module LinearTimecode (372)
[2020.03.09-22.03.23:638][265]LogModuleManager: Shutting down and abandoning module ImgMedia (370)
[2020.03.09-22.03.23:638][265]LogModuleManager: Shutting down and abandoning module MagicLeapHelperVulkan (368)
[2020.03.09-22.03.23:638][265]LogModuleManager: Shutting down and abandoning module MagicLeapHelperOpenGL (366)
[2020.03.09-22.03.23:638][265]LogModuleManager: Shutting down and abandoning module MagicLeapAudio (364)
[2020.03.09-22.03.23:638][265]LogModuleManager: Shutting down and abandoning module HTML5Networking (362)
[2020.03.09-22.03.23:638][265]LogModuleManager: Shutting down and abandoning module GeometryCacheTracks (360)
[2020.03.09-22.03.23:638][265]LogModuleManager: Shutting down and abandoning module GeometryCacheSequencer (358)
[2020.03.09-22.03.23:638][265]LogModuleManager: Shutting down and abandoning module BackChannel (356)
[2020.03.09-22.03.23:638][265]LogModuleManager: Shutting down and abandoning module AppleVision (354)
[2020.03.09-22.03.23:638][265]LogModuleManager: Shutting down and abandoning module AppleImageUtilsBlueprintSupport (352)
[2020.03.09-22.03.23:638][265]LogModuleManager: Shutting down and abandoning module AppleImageUtils (350)
[2020.03.09-22.03.23:638][265]LogModuleManager: Shutting down and abandoning module AlembicImporter (348)
[2020.03.09-22.03.23:638][265]LogModuleManager: Shutting down and abandoning module AlembicLibrary (347)
[2020.03.09-22.03.23:638][265]LogModuleManager: Shutting down and abandoning module GeometryCache (346)
[2020.03.09-22.03.23:638][265]LogModuleManager: Shutting down and abandoning module GeometryCacheEd (345)
[2020.03.09-22.03.23:638][265]LogModuleManager: Shutting down and abandoning module VariantManagerContent (340)
[2020.03.09-22.03.23:638][265]LogModuleManager: Shutting down and abandoning module DatasmithContentEditor (338)
[2020.03.09-22.03.23:638][265]LogModuleManager: Shutting down and abandoning module SpeedTreeImporter (336)
[2020.03.09-22.03.23:638][265]LogModuleManager: Shutting down and abandoning module PluginBrowser (334)
[2020.03.09-22.03.23:638][265]LogModuleManager: Shutting down and abandoning module MobileLauncherProfileWizard (332)
[2020.03.09-22.03.23:638][265]LogModuleManager: Shutting down and abandoning module MaterialAnalyzer (330)
[2020.03.09-22.03.23:638][265]LogModuleManager: Shutting down and abandoning module CryptoKeysOpenSSL (328)
[2020.03.09-22.03.23:638][265]LogModuleManager: Shutting down and abandoning module CryptoKeys (326)
[2020.03.09-22.03.23:638][265]LogModuleManager: Shutting down and abandoning module VisualStudioSourceCodeAccess (324)
[2020.03.09-22.03.23:638][265]LogModuleManager: Shutting down and abandoning module VisualStudioCodeSourceCodeAccess (322)
[2020.03.09-22.03.23:638][265]LogModuleManager: Shutting down and abandoning module UObjectPlugin (320)
[2020.03.09-22.03.23:638][265]LogModuleManager: Shutting down and abandoning module SubversionSourceControl (318)
[2020.03.09-22.03.23:638][265]LogModuleManager: Shutting down and abandoning module PerforceSourceControl (316)
[2020.03.09-22.03.23:638][265]LogModuleManager: Shutting down and abandoning module GitSourceControl (314)
[2020.03.09-22.03.23:638][265]LogModuleManager: Shutting down and abandoning module SourceControl (313)
[2020.03.09-22.03.23:638][265]LogModuleManager: Shutting down and abandoning module CLionSourceCodeAccess (310)
[2020.03.09-22.03.23:638][265]LogModuleManager: Shutting down and abandoning module AnimationSharingEd (308)
[2020.03.09-22.03.23:638][265]LogModuleManager: Shutting down and abandoning module ActorLayerUtilitiesEditor (306)
[2020.03.09-22.03.23:638][265]LogModuleManager: Shutting down and abandoning module ActorLayerUtilities (304)
[2020.03.09-22.03.23:638][265]LogModuleManager: Shutting down and abandoning module LightPropagationVolumeEditor (302)
[2020.03.09-22.03.23:638][265]LogModuleManager: Shutting down and abandoning module PaperTiledImporter (300)
[2020.03.09-22.03.23:638][265]LogModuleManager: Shutting down and abandoning module PaperSpriteSheetImporter (298)
[2020.03.09-22.03.23:638][265]LogModuleManager: Shutting down and abandoning module Paper2DEditor (296)
[2020.03.09-22.03.23:638][265]LogModuleManager: Shutting down and abandoning module SignificanceManager (294)
[2020.03.09-22.03.23:638][265]LogModuleManager: Shutting down and abandoning module RuntimePhysXCooking (292)
[2020.03.09-22.03.23:638][265]LogModuleManager: Shutting down and abandoning module PhysXVehiclesEditor (290)
[2020.03.09-22.03.23:638][265]LogModuleManager: Shutting down and abandoning module PhysXVehicles (288)
[2020.03.09-22.03.23:638][265]LogModuleManager: Shutting down and abandoning module LocationServicesBPLibrary (286)
[2020.03.09-22.03.23:638][265]LogModuleManager: Shutting down and abandoning module ActorSequence (284)
[2020.03.09-22.03.23:638][265]LogModuleManager: Shutting down and abandoning module UdpMessaging (282)
[2020.03.09-22.03.23:740][265]LogModuleManager: Shutting down and abandoning module TcpMessaging (280)
[2020.03.09-22.03.23:841][265]LogModuleManager: Shutting down and abandoning module MagicLeapIdentity (278)
[2020.03.09-22.03.23:841][265]LogModuleManager: Shutting down and abandoning module MagicLeapSecureStorage (276)
[2020.03.09-22.03.23:841][265]LogModuleManager: Shutting down and abandoning module MagicLeapHandTracking (274)
[2020.03.09-22.03.23:841][265]LogModuleManager: Shutting down and abandoning module MagicLeapEyeTracker (272)
[2020.03.09-22.03.23:841][265]LogModuleManager: Shutting down and abandoning module MagicLeapController (270)
[2020.03.09-22.03.23:841][265]LogSlate: Slate User Destroyed.  User Index 0, Is Virtual User: 0
[2020.03.09-22.03.23:841][265]LogModuleManager: Shutting down and abandoning module MagicLeapAR (268)
[2020.03.09-22.03.23:841][265]LogModuleManager: Shutting down and abandoning module AugmentedReality (267)
[2020.03.09-22.03.23:841][265]LogModuleManager: Shutting down and abandoning module GameplayTagsEditor (264)
[2020.03.09-22.03.23:841][265]LogModuleManager: Shutting down and abandoning module FacialAnimationEditor (262)
[2020.03.09-22.03.23:841][265]LogModuleManager: Shutting down and abandoning module FacialAnimation (260)
[2020.03.09-22.03.23:841][265]LogModuleManager: Shutting down and abandoning module DataValidation (258)
[2020.03.09-22.03.23:841][265]LogModuleManager: Shutting down and abandoning module AssetManagerEditor (256)
[2020.03.09-22.03.23:841][265]LogModuleManager: Shutting down and abandoning module LevelEditor (255)
[2020.03.09-22.03.23:841][265]LogModuleManager: Shutting down and abandoning module PixelInspectorModule (254)
[2020.03.09-22.03.23:841][265]LogModuleManager: Shutting down and abandoning module CommonMenuExtensions (252)
[2020.03.09-22.03.23:841][265]LogModuleManager: Shutting down and abandoning module MainFrame (250)
[2020.03.09-22.03.23:841][265]LogModuleManager: Shutting down and abandoning module HotReload (249)
[2020.03.09-22.03.23:841][265]LogModuleManager: Shutting down and abandoning module ContentBrowser (245)
[2020.03.09-22.03.23:842][265]LogModuleManager: Shutting down and abandoning module TreeMap (243)
[2020.03.09-22.03.23:842][265]LogModuleManager: Shutting down and abandoning module AnimationSharing (240)
[2020.03.09-22.03.23:842][265]LogModuleManager: Shutting down and abandoning module LightPropagationVolumeRuntime (238)
[2020.03.09-22.03.23:842][265]LogModuleManager: Shutting down and abandoning module AISupportModule (236)
[2020.03.09-22.03.23:842][265]LogModuleManager: Shutting down and abandoning module Paper2D (234)
[2020.03.09-22.03.23:842][265]LogModuleManager: Shutting down and abandoning module WindowsMoviePlayer (232)
[2020.03.09-22.03.23:842][265]LogModuleManager: Shutting down and abandoning module WebMMoviePlayer (230)
[2020.03.09-22.03.23:842][265]LogModuleManager: Shutting down and abandoning module PacketHandler (228)
[2020.03.09-22.03.23:842][265]LogModuleManager: Shutting down and abandoning module ClothingSystemEditor (226)
[2020.03.09-22.03.23:842][265]LogModuleManager: Shutting down and abandoning module ClothingSystemRuntime (224)
[2020.03.09-22.03.23:842][265]LogModuleManager: Shutting down and abandoning module MediaAssets (222)
[2020.03.09-22.03.23:842][265]LogModuleManager: Shutting down and abandoning module Overlay (220)
[2020.03.09-22.03.23:842][265]LogModuleManager: Shutting down and abandoning module OverlayEditor (219)
[2020.03.09-22.03.23:842][265]LogModuleManager: Shutting down and abandoning module VREditor (216)
[2020.03.09-22.03.23:842][265]LogModuleManager: Shutting down and abandoning module StringTableEditor (214)
[2020.03.09-22.03.23:842][265]LogModuleManager: Shutting down and abandoning module GameplayTasksEditor (212)
[2020.03.09-22.03.23:842][265]LogModuleManager: Shutting down and abandoning module BehaviorTreeEditor (210)
[2020.03.09-22.03.23:842][265]LogModuleManager: Shutting down and abandoning module FunctionalTesting (208)
[2020.03.09-22.03.23:842][265]LogModuleManager: Shutting down and abandoning module CollisionAnalyzer (206)
[2020.03.09-22.03.23:842][265]LogModuleManager: Shutting down and abandoning module WorkspaceMenuStructure (205)
[2020.03.09-22.03.23:842][265]LogModuleManager: Shutting down and abandoning module UMG (202)
[2020.03.09-22.03.23:842][265]LogModuleManager: Shutting down and abandoning module UMGEditor (201)
[2020.03.09-22.03.23:842][265]LogModuleManager: Shutting down and abandoning module Sequencer (200)
[2020.03.09-22.03.23:842][265]LogModuleManager: Shutting down and abandoning module MessageLog (197)
[2020.03.09-22.03.23:842][265]LogModuleManager: Shutting down and abandoning module SlateReflector (192)
[2020.03.09-22.03.23:842][265]LogModuleManager: Shutting down and abandoning module Slate (190)
[2020.03.09-22.03.23:842][265]LogModuleManager: Shutting down and abandoning module EditorStyle (188)
[2020.03.09-22.03.23:843][265]LogModuleManager: Shutting down and abandoning module UnrealEd (186)
[2020.03.09-22.03.23:844][265]LogModuleManager: Shutting down and abandoning module MRMesh (184)
[2020.03.09-22.03.23:844][265]LogModuleManager: Shutting down and abandoning module SourceCodeAccess (182)
[2020.03.09-22.03.23:844][265]LogModuleManager: Shutting down and abandoning module HeadMountedDisplay (180)
[2020.03.09-22.03.23:844][265]LogModuleManager: Shutting down and abandoning module XAudio2 (178)
[2020.03.09-22.03.23:844][265]LogModuleManager: Shutting down and abandoning module Networking (176)
[2020.03.09-22.03.23:844][265]LogModuleManager: Shutting down and abandoning module Core (174)
[2020.03.09-22.03.23:844][265]LogModuleManager: Shutting down and abandoning module KismetCompiler (172)
[2020.03.09-22.03.23:844][265]LogModuleManager: Shutting down and abandoning module MeshUtilities (170)
[2020.03.09-22.03.23:844][265]LogModuleManager: Shutting down and abandoning module MeshMergeUtilities (169)
[2020.03.09-22.03.23:844][265]LogModuleManager: Shutting down and abandoning module MeshReductionInterface (168)
[2020.03.09-22.03.23:844][265]LogModuleManager: Shutting down and abandoning module SkeletalMeshReduction (167)
[2020.03.09-22.03.23:844][265]LogModuleManager: Shutting down and abandoning module ProxyLODMeshReduction (165)
[2020.03.09-22.03.23:844][265]LogModuleManager: Shutting down and abandoning module QuadricMeshReduction (163)
[2020.03.09-22.03.23:844][265]LogModuleManager: Shutting down and abandoning module MaterialBaking (159)
[2020.03.09-22.03.23:844][265]LogModuleManager: Shutting down and abandoning module DerivedDataCache (154)
[2020.03.09-22.03.23:906][265]LogDerivedDataCache: Shutdown
[2020.03.09-22.03.23:906][265]LogModuleManager: Shutting down and abandoning module XGEController (152)
[2020.03.09-22.03.23:906][265]LogXGEController: Cleaning working directory: C:/Users/Abbie/AppData/Local/Temp/UnrealXGEWorkingDir/
[2020.03.09-22.03.23:906][265]LogModuleManager: Shutting down and abandoning module TargetPlatform (150)
[2020.03.09-22.03.23:906][265]LogModuleManager: Shutting down and abandoning module VulkanShaderFormat (149)
[2020.03.09-22.03.23:906][265]LogModuleManager: Shutting down and abandoning module ShaderFormatVectorVM (147)
[2020.03.09-22.03.23:906][265]LogModuleManager: Shutting down and abandoning module ShaderFormatOpenGL (145)
[2020.03.09-22.03.23:907][265]LogModuleManager: Shutting down and abandoning module ShaderFormatD3D (143)
[2020.03.09-22.03.23:907][265]LogModuleManager: Shutting down and abandoning module MetalShaderFormat (141)
[2020.03.09-22.03.23:907][265]LogModuleManager: Shutting down and abandoning module TextureFormatUncompressed (139)
[2020.03.09-22.03.23:907][265]LogModuleManager: Shutting down and abandoning module TextureFormatPVR (137)
[2020.03.09-22.03.23:907][265]LogModuleManager: Shutting down and abandoning module TextureFormatDXT (135)
[2020.03.09-22.03.23:907][265]LogModuleManager: Shutting down and abandoning module TextureFormatIntelISPCTexComp (133)
[2020.03.09-22.03.23:907][265]LogModuleManager: Shutting down and abandoning module TextureFormatASTC (131)
[2020.03.09-22.03.23:907][265]LogModuleManager: Shutting down and abandoning module ImageWrapper (130)
[2020.03.09-22.03.23:907][265]LogModuleManager: Shutting down and abandoning module TextureFormatAndroid (127)
[2020.03.09-22.03.23:907][265]LogModuleManager: Shutting down and abandoning module AudioFormatOpus (125)
[2020.03.09-22.03.23:907][265]LogModuleManager: Shutting down and abandoning module AudioFormatOgg (123)
[2020.03.09-22.03.23:907][265]LogModuleManager: Shutting down and abandoning module AudioFormatADPCM (121)
[2020.03.09-22.03.23:907][265]LogModuleManager: Shutting down and abandoning module LuminTargetPlatform (119)
[2020.03.09-22.03.23:907][265]LogModuleManager: Shutting down and abandoning module LinuxTargetPlatform (117)
[2020.03.09-22.03.23:907][265]LogModuleManager: Shutting down and abandoning module LinuxServerTargetPlatform (115)
[2020.03.09-22.03.23:907][265]LogModuleManager: Shutting down and abandoning module LinuxNoEditorTargetPlatform (113)
[2020.03.09-22.03.23:907][265]LogModuleManager: Shutting down and abandoning module LinuxClientTargetPlatform (111)
[2020.03.09-22.03.23:907][265]LogModuleManager: Shutting down and abandoning module TVOSTargetPlatform (109)
[2020.03.09-22.03.23:908][265]LogModuleManager: Shutting down and abandoning module Messaging (107)
[2020.03.09-22.03.23:908][265]LogModuleManager: Shutting down and abandoning module IOSTargetPlatform (105)
[2020.03.09-22.03.23:908][265]LogModuleManager: Shutting down and abandoning module HTML5TargetPlatform (103)
[2020.03.09-22.03.23:908][265]LogModuleManager: Shutting down and abandoning module AndroidTargetPlatform (101)
[2020.03.09-22.03.23:913][265]LogModuleManager: Shutting down and abandoning module WindowsTargetPlatform (99)
[2020.03.09-22.03.23:913][265]LogModuleManager: Shutting down and abandoning module WindowsServerTargetPlatform (97)
[2020.03.09-22.03.23:913][265]LogModuleManager: Shutting down and abandoning module WindowsNoEditorTargetPlatform (95)
[2020.03.09-22.03.23:913][265]LogModuleManager: Shutting down and abandoning module WindowsClientTargetPlatform (93)
[2020.03.09-22.03.23:913][265]LogModuleManager: Shutting down and abandoning module MacTargetPlatform (91)
[2020.03.09-22.03.23:913][265]LogModuleManager: Shutting down and abandoning module MacServerTargetPlatform (89)
[2020.03.09-22.03.23:913][265]LogModuleManager: Shutting down and abandoning module MacNoEditorTargetPlatform (87)
[2020.03.09-22.03.23:913][265]LogModuleManager: Shutting down and abandoning module MacClientTargetPlatform (85)
[2020.03.09-22.03.23:913][265]LogModuleManager: Shutting down and abandoning module AllDesktopTargetPlatform (83)
[2020.03.09-22.03.23:913][265]LogModuleManager: Shutting down and abandoning module InputCore (80)
[2020.03.09-22.03.23:913][265]LogModuleManager: Shutting down and abandoning module Settings (78)
[2020.03.09-22.03.23:913][265]LogModuleManager: Shutting down and abandoning module DirectoryWatcher (76)
[2020.03.09-22.03.23:913][265]LogModuleManager: Shutting down and abandoning module PhysXCooking (74)
[2020.03.09-22.03.23:913][265]LogModuleManager: Shutting down and abandoning module SteamVR (72)
[2020.03.09-22.03.23:913][265]LogHMD: Freeing OpenVRDLLHandle.
[2020.03.09-22.03.23:913][265]LogModuleManager: Shutting down and abandoning module OculusHMD (70)
[2020.03.09-22.03.23:913][265]LogModuleManager: Shutting down and abandoning module ExampleDeviceProfileSelector (68)
[2020.03.09-22.03.23:913][265]LogModuleManager: Shutting down and abandoning module LauncherChunkInstaller (66)
[2020.03.09-22.03.23:913][265]LogModuleManager: Shutting down and abandoning module OnlineBlueprintSupport (64)
[2020.03.09-22.03.23:913][265]LogModuleManager: Shutting down and abandoning module OnlineSubsystem (60)
[2020.03.09-22.03.23:914][265]LogModuleManager: Shutting down and abandoning module XMPP (55)
[2020.03.09-22.03.23:914][265]LogModuleManager: Shutting down and abandoning module WebSockets (54)
[2020.03.09-22.03.23:921][265]LogModuleManager: Shutting down and abandoning module HTTP (51)
[2020.03.09-22.03.23:921][265]LogHttp: Display: Http module shutting down, but needs to wait on 1 outstanding Http requests:
[2020.03.09-22.03.23:921][265]LogHttp: Display: 	verb=[POST] url=[https://datarouter.ol.epicgames.com/datarouter/api/v1/public/data?SessionID=%7B8DF550DD-4ECF-9E08-6340-5DB50D05A60B%7D&AppID=UEEditor.Rocket.Release&AppVersion=4.22.3-7053642%2B%2B%2BUE4%2BRelease-4.22&UserID=8c61fe9c40c2453276fbe694600ce789%7Ce3d25dc225ab4add89a8d68f848f7dd4%7C08e82b4a-7db4-48c3-b9e3-7eba5ec60dba&AppEnvironment=datacollector-binary&UploadType=eteventstream] status=Processing
[2020.03.09-22.03.23:933][265]LogModuleManager: Shutting down and abandoning module SSL (50)
[2020.03.09-22.03.23:934][265]LogModuleManager: Shutting down and abandoning module WmfMedia (46)
[2020.03.09-22.03.23:935][265]LogModuleManager: Shutting down and abandoning module Media (45)
[2020.03.09-22.03.23:942][265]LogModuleManager: Shutting down and abandoning module MagicLeap (42)
[2020.03.09-22.03.23:942][265]LogModuleManager: Shutting down and abandoning module DatasmithContent (40)
[2020.03.09-22.03.23:942][265]LogModuleManager: Shutting down and abandoning module AnimationModifiers (38)
[2020.03.09-22.03.23:942][265]LogModuleManager: Shutting down and abandoning module PropertyEditor (37)
[2020.03.09-22.03.23:942][265]LogModuleManager: Shutting down and abandoning module AudioEditor (34)
[2020.03.09-22.03.23:942][265]LogModuleManager: Shutting down and abandoning module TextureCompressor (32)
[2020.03.09-22.03.23:942][265]LogModuleManager: Shutting down and abandoning module RenderCore (30)
[2020.03.09-22.03.23:942][265]LogModuleManager: Shutting down and abandoning module Landscape (28)
[2020.03.09-22.03.23:942][265]LogModuleManager: Shutting down and abandoning module SlateRHIRenderer (26)
[2020.03.09-22.03.23:942][265]LogModuleManager: Shutting down and abandoning module OpenGLDrv (24)
[2020.03.09-22.03.23:942][265]LogModuleManager: Shutting down and abandoning module D3D11RHI (22)
[2020.03.09-22.03.23:942][265]LogModuleManager: Shutting down and abandoning module AnimGraphRuntime (20)
[2020.03.09-22.03.23:943][265]LogModuleManager: Shutting down and abandoning module Renderer (18)
[2020.03.09-22.03.23:943][265]LogModuleManager: Shutting down and abandoning module Engine (16)
[2020.03.09-22.03.23:943][265]LogModuleManager: Shutting down and abandoning module CoreUObject (14)
[2020.03.09-22.03.23:943][265]LogModuleManager: Shutting down and abandoning module NetworkFile (12)
[2020.03.09-22.03.23:943][265]LogModuleManager: Shutting down and abandoning module CookedIterativeFile (10)
[2020.03.09-22.03.23:943][265]LogModuleManager: Shutting down and abandoning module StreamingFile (8)
[2020.03.09-22.03.23:943][265]LogModuleManager: Shutting down and abandoning module SandboxFile (6)
[2020.03.09-22.03.23:943][265]LogModuleManager: Shutting down and abandoning module PakFile (4)
[2020.03.09-22.03.23:943][265]LogModuleManager: Shutting down and abandoning module RSA (3)
[2020.03.09-22.03.23:951][265]LogExit: Exiting.
[2020.03.09-22.03.23:957][265]Log file closed, 03/09/20 17:03:23
